{"numTotalTestSuites":165,"numPassedTestSuites":131,"numFailedTestSuites":34,"numPendingTestSuites":0,"numTotalTests":448,"numPassedTests":422,"numFailedTests":26,"numPendingTests":0,"numTodoTests":0,"snapshot":{"added":0,"failure":false,"filesAdded":0,"filesRemoved":0,"filesRemovedList":[],"filesUnmatched":0,"filesUpdated":0,"matched":0,"total":0,"unchecked":0,"uncheckedKeysByFile":[],"unmatched":0,"updated":0,"didUpdate":false},"startTime":1771873009019,"success":false,"testResults":[{"assertionResults":[{"ancestorTitles":["Universal AST Syntactic Awareness (Phase 15)"],"fullName":"Universal AST Syntactic Awareness (Phase 15) should mathematically extract a nested class method regardless of regex fragility","status":"passed","title":"should mathematically extract a nested class method regardless of regex fragility","duration":67.48569999999972,"failureMessages":[],"meta":{}},{"ancestorTitles":["Universal AST Syntactic Awareness (Phase 15)"],"fullName":"Universal AST Syntactic Awareness (Phase 15) should calculate structural cyclomatic complexity","status":"passed","title":"should calculate structural cyclomatic complexity","duration":15.084899999999834,"failureMessages":[],"meta":{}},{"ancestorTitles":["Universal AST Syntactic Awareness (Phase 15)"],"fullName":"Universal AST Syntactic Awareness (Phase 15) should calculate base complexity as 1 for a flat function","status":"passed","title":"should calculate base complexity as 1 for a flat function","duration":2.7570999999998094,"failureMessages":[],"meta":{}}],"startTime":1771873028913,"endTime":1771873028997.757,"status":"passed","message":"","name":"C:/Users/hyper/Desktop/workspace/alti.code.studio/alti.code.studio.backend/src/shared/ast.service.test.js"},{"assertionResults":[{"ancestorTitles":["Continuous State-Machine Rewinds (Phase 27 - The Chronomancer)"],"fullName":"Continuous State-Machine Rewinds (Phase 27 - The Chronomancer) should freeze memory during a critical failure, synthesize a patch, and fast-forward to success seamlessly","status":"passed","title":"should freeze memory during a critical failure, synthesize a patch, and fast-forward to success seamlessly","duration":11.325399999999718,"failureMessages":[],"meta":{}},{"ancestorTitles":["Continuous State-Machine Rewinds (Phase 27 - The Chronomancer)"],"fullName":"Continuous State-Machine Rewinds (Phase 27 - The Chronomancer) should execute a flawless function perfectly without triggering the temporal buffer","status":"passed","title":"should execute a flawless function perfectly without triggering the temporal buffer","duration":2.61830000000009,"failureMessages":[],"meta":{}}],"startTime":1771873033226,"endTime":1771873033239.6184,"status":"passed","message":"","name":"C:/Users/hyper/Desktop/workspace/alti.code.studio/alti.code.studio.backend/src/shared/chronomancer.test.js"},{"assertionResults":[{"ancestorTitles":["Neural Context Synthesis (Phase 21 - The Cortex)"],"fullName":"Neural Context Synthesis (Phase 21 - The Cortex) should mathematically calculate the transitive impact radius of a database schema change up to the UI layer","status":"passed","title":"should mathematically calculate the transitive impact radius of a database schema change up to the UI layer","duration":9.935199999999895,"failureMessages":[],"meta":{}},{"ancestorTitles":["Neural Context Synthesis (Phase 21 - The Cortex)"],"fullName":"Neural Context Synthesis (Phase 21 - The Cortex) should return an empty array if querying a node with no dependents","status":"passed","title":"should return an empty array if querying a node with no dependents","duration":2.178200000000288,"failureMessages":[],"meta":{}}],"startTime":1771873036467,"endTime":1771873036479.1782,"status":"passed","message":"","name":"C:/Users/hyper/Desktop/workspace/alti.code.studio/alti.code.studio.backend/src/shared/cortex.test.js"},{"assertionResults":[{"ancestorTitles":["Zero-Day Supply Chain Quarantine (Phase 28 - The Custodian)"],"fullName":"Zero-Day Supply Chain Quarantine (Phase 28 - The Custodian) should intercept a package, detect a malicious payload, and quarantine it","status":"passed","title":"should intercept a package, detect a malicious payload, and quarantine it","duration":21.930699999999888,"failureMessages":[],"meta":{}},{"ancestorTitles":["Zero-Day Supply Chain Quarantine (Phase 28 - The Custodian)"],"fullName":"Zero-Day Supply Chain Quarantine (Phase 28 - The Custodian) should allow a benign package to pass without LLM analysis if heuristics are clean","status":"passed","title":"should allow a benign package to pass without LLM analysis if heuristics are clean","duration":3.8827000000001135,"failureMessages":[],"meta":{}}],"startTime":1771873032950,"endTime":1771873032975.8828,"status":"passed","message":"","name":"C:/Users/hyper/Desktop/workspace/alti.code.studio/alti.code.studio.backend/src/shared/custodian.test.js"},{"assertionResults":[{"ancestorTitles":["Real-Time Reverse Engineering (Phase 25 - The Demystifier)"],"fullName":"Real-Time Reverse Engineering (Phase 25 - The Demystifier) should extract a file path from a stack trace, read the minified block, and translate it via LLM","status":"passed","title":"should extract a file path from a stack trace, read the minified block, and translate it via LLM","duration":18.95720000000074,"failureMessages":[],"meta":{}},{"ancestorTitles":["Real-Time Reverse Engineering (Phase 25 - The Demystifier)"],"fullName":"Real-Time Reverse Engineering (Phase 25 - The Demystifier) should return a graceful error if no file path can be extracted","status":"passed","title":"should return a graceful error if no file path can be extracted","duration":2.661399999999958,"failureMessages":[],"meta":{}}],"startTime":1771873033647,"endTime":1771873033668.6614,"status":"passed","message":"","name":"C:/Users/hyper/Desktop/workspace/alti.code.studio/alti.code.studio.backend/src/shared/demystifier.test.js"},{"assertionResults":[{"ancestorTitles":["Evolutionary Reinforcement Learning (Phase 23 - The Adaptor)"],"fullName":"Evolutionary Reinforcement Learning (Phase 23 - The Adaptor) should structurally analyze a code delta and learn the human preference for async/await","status":"passed","title":"should structurally analyze a code delta and learn the human preference for async/await","duration":15.223700000000463,"failureMessages":[],"meta":{}},{"ancestorTitles":["Evolutionary Reinforcement Learning (Phase 23 - The Adaptor)"],"fullName":"Evolutionary Reinforcement Learning (Phase 23 - The Adaptor) should securely inject the learned style rules into the system prompt parameters","status":"passed","title":"should securely inject the learned style rules into the system prompt parameters","duration":1.1855999999997948,"failureMessages":[],"meta":{}}],"startTime":1771873040256,"endTime":1771873040273.1855,"status":"passed","message":"","name":"C:/Users/hyper/Desktop/workspace/alti.code.studio/alti.code.studio.backend/src/shared/evolution.test.js"},{"assertionResults":[{"ancestorTitles":["Swarm-to-Swarm Telepathy (Phase 30 - The Hive Protocol)"],"fullName":"Swarm-to-Swarm Telepathy (Phase 30 - The Hive Protocol) should connect two local nodes over a P2P mesh and natively share a relevant semantic solution","status":"passed","title":"should connect two local nodes over a P2P mesh and natively share a relevant semantic solution","duration":15.300000000000182,"failureMessages":[],"meta":{}}],"startTime":1771873039735,"endTime":1771873039750.3,"status":"passed","message":"","name":"C:/Users/hyper/Desktop/workspace/alti.code.studio/alti.code.studio.backend/src/shared/hive.test.js"},{"assertionResults":[{"ancestorTitles":["Sentient Self-Rewriting (Phase 32 - The Metamorphic Core)"],"fullName":"Sentient Self-Rewriting (Phase 32 - The Metamorphic Core) should run a diagnostic on its own orchestration code and generate an optimization PR","status":"passed","title":"should run a diagnostic on its own orchestration code and generate an optimization PR","duration":8.656099999999242,"failureMessages":[],"meta":{}}],"startTime":1771873043902,"endTime":1771873043910.656,"status":"passed","message":"","name":"C:/Users/hyper/Desktop/workspace/alti.code.studio/alti.code.studio.backend/src/shared/metamorphic.test.js"},{"assertionResults":[{"ancestorTitles":["Adaptive Meta-UI Hallucination (Phase 33 - The Mirage)"],"fullName":"Adaptive Meta-UI Hallucination (Phase 33 - The Mirage) should hallucinate a 3D Spherical Node topology when the developer switches to database debugging","status":"passed","title":"should hallucinate a 3D Spherical Node topology when the developer switches to database debugging","duration":7.304299999999785,"failureMessages":[],"meta":{}}],"startTime":1771873043139,"endTime":1771873043146.3042,"status":"passed","message":"","name":"C:/Users/hyper/Desktop/workspace/alti.code.studio/alti.code.studio.backend/src/shared/mirage.test.js"},{"assertionResults":[{"ancestorTitles":["Cross-Repository Swarm Coordination (Phase 26 - The Nexus)"],"fullName":"Cross-Repository Swarm Coordination (Phase 26 - The Nexus) should coordinate atomic changes across frontend and backend repositories simultaneously","status":"passed","title":"should coordinate atomic changes across frontend and backend repositories simultaneously","duration":28.303899999999885,"failureMessages":[],"meta":{}}],"startTime":1771873033602,"endTime":1771873033630.304,"status":"passed","message":"","name":"C:/Users/hyper/Desktop/workspace/alti.code.studio/alti.code.studio.backend/src/shared/nexus.test.js"},{"assertionResults":[{"ancestorTitles":["The Phoenix Protocol (Phase 17 - Autonomous Self-Healing)"],"fullName":"The Phoenix Protocol (Phase 17 - Autonomous Self-Healing) should intercept a fatal crash, extract the localized function, and synthesize a codebase patch","status":"passed","title":"should intercept a fatal crash, extract the localized function, and synthesize a codebase patch","duration":48.29520000000048,"failureMessages":[],"meta":{}},{"ancestorTitles":["The Phoenix Protocol (Phase 17 - Autonomous Self-Healing)"],"fullName":"The Phoenix Protocol (Phase 17 - Autonomous Self-Healing) should ignore crashes that originate deep in node_modules/v8 engine without failing","status":"passed","title":"should ignore crashes that originate deep in node_modules/v8 engine without failing","duration":2.9996000000001004,"failureMessages":[],"meta":{}}],"startTime":1771873033889,"endTime":1771873033940.9995,"status":"passed","message":"","name":"C:/Users/hyper/Desktop/workspace/alti.code.studio/alti.code.studio.backend/src/shared/phoenix.test.js"},{"assertionResults":[{"ancestorTitles":["Absolute Binary Decompilation (Phase 31 - The Reverser)"],"fullName":"Absolute Binary Decompilation (Phase 31 - The Reverser) should translate a raw x86 Buffer Overflow core dump into a plain English explanation","status":"passed","title":"should translate a raw x86 Buffer Overflow core dump into a plain English explanation","duration":5.185599999999795,"failureMessages":[],"meta":{}}],"startTime":1771873044922,"endTime":1771873044927.1855,"status":"passed","message":"","name":"C:/Users/hyper/Desktop/workspace/alti.code.studio/alti.code.studio.backend/src/shared/reverser.test.js"},{"assertionResults":[{"ancestorTitles":["The Hive Mind (Phase 19 - Distributed Swarm Topology)"],"fullName":"The Hive Mind (Phase 19 - Distributed Swarm Topology) should dispatch exactly 10 worker threads to run concurrently when given 10 tasks","status":"passed","title":"should dispatch exactly 10 worker threads to run concurrently when given 10 tasks","duration":763.1767999999997,"failureMessages":[],"meta":{}},{"ancestorTitles":["The Hive Mind (Phase 19 - Distributed Swarm Topology)"],"fullName":"The Hive Mind (Phase 19 - Distributed Swarm Topology) should gracefully handle a worker thread crash without taking down the main process","status":"passed","title":"should gracefully handle a worker thread crash without taking down the main process","duration":116.51449999999977,"failureMessages":[],"meta":{}}],"startTime":1771873025811,"endTime":1771873026691.5144,"status":"passed","message":"","name":"C:/Users/hyper/Desktop/workspace/alti.code.studio/alti.code.studio.backend/src/shared/swarm.test.js"},{"assertionResults":[{"ancestorTitles":["Zero-Latency Telemetry & Cursor Sync (Phase 24 - The Telepath)"],"fullName":"Zero-Latency Telemetry & Cursor Sync (Phase 24 - The Telepath) should intercept a typing stream, predict the required companion architecture, and stage a ghost file","status":"passed","title":"should intercept a typing stream, predict the required companion architecture, and stage a ghost file","duration":14.940599999999904,"failureMessages":[],"meta":{}}],"startTime":1771873036508,"endTime":1771873036522.9407,"status":"passed","message":"","name":"C:/Users/hyper/Desktop/workspace/alti.code.studio/alti.code.studio.backend/src/shared/telepath.test.js"},{"assertionResults":[{"ancestorTitles":["Dynamic Bytecode Compilation (Phase 29 - The Weaver)"],"fullName":"Dynamic Bytecode Compilation (Phase 29 - The Weaver) should identify a bottleneck, dynamically compile to Wasm, and execute natively","status":"passed","title":"should identify a bottleneck, dynamically compile to Wasm, and execute natively","duration":6.564800000000105,"failureMessages":[],"meta":{}}],"startTime":1771873044945,"endTime":1771873044951.5647,"status":"passed","message":"","name":"C:/Users/hyper/Desktop/workspace/alti.code.studio/alti.code.studio.backend/src/shared/weaver.test.js"},{"assertionResults":[{"ancestorTitles":["SocketService"],"fullName":"SocketService should exist","status":"passed","title":"should exist","duration":2.4108000000001084,"failureMessages":[],"meta":{}},{"ancestorTitles":["SocketService"],"fullName":"SocketService should broadcast","status":"passed","title":"should broadcast","duration":2.2381000000000313,"failureMessages":[],"meta":{}}],"startTime":1771873042060,"endTime":1771873042064.238,"status":"passed","message":"","name":"C:/Users/hyper/Desktop/workspace/alti.code.studio/alti.code.studio.backend/src/app/services/socket.service.test.js"},{"assertionResults":[{"ancestorTitles":["The Grand Swarm Intelligence (Phase 32 & 33)"],"fullName":"The Grand Swarm Intelligence (Phase 32 & 33) should initialize and execute all hyper-specialized sub-agents within the Global Swarm","status":"passed","title":"should initialize and execute all hyper-specialized sub-agents within the Global Swarm","duration":6.576999999999998,"failureMessages":[],"meta":{}}],"startTime":1771873040749,"endTime":1771873040755.577,"status":"passed","message":"","name":"C:/Users/hyper/Desktop/workspace/alti.code.studio/alti.code.studio.backend/src/shared/swarm/swarm.test.js"},{"assertionResults":[{"ancestorTitles":["AuthService","loginUser"],"fullName":"AuthService loginUser should throw error if user does not exist","status":"passed","title":"should throw error if user does not exist","duration":8.383299999999963,"failureMessages":[],"meta":{}}],"startTime":1771873038306,"endTime":1771873038314.3833,"status":"passed","message":"","name":"C:/Users/hyper/Desktop/workspace/alti.code.studio/alti.code.studio.backend/src/app/modules/auth/auth.test.js"},{"assertionResults":[{"ancestorTitles":["Multi-Agent Debate (Phase 16 - AlphaCode Verification)"],"fullName":"Multi-Agent Debate (Phase 16 - AlphaCode Verification) should force a rewrite if The Optimizer detects O(N^2) nested structures","status":"passed","title":"should force a rewrite if The Optimizer detects O(N^2) nested structures","duration":13.396600000000035,"failureMessages":[],"meta":{}},{"ancestorTitles":["Multi-Agent Debate (Phase 16 - AlphaCode Verification)"],"fullName":"Multi-Agent Debate (Phase 16 - AlphaCode Verification) should immediately approve if the initial draft is absolutely flawless","status":"passed","title":"should immediately approve if the initial draft is absolutely flawless","duration":3.3634000000001834,"failureMessages":[],"meta":{}}],"startTime":1771873033840,"endTime":1771873033856.3633,"status":"passed","message":"","name":"C:/Users/hyper/Desktop/workspace/alti.code.studio/alti.code.studio.backend/src/app/modules/agents/debate.test.js"},{"assertionResults":[],"startTime":1771873009019,"endTime":1771873009019,"status":"failed","message":"Cannot find module './base.agent.js' imported from 'C:/Users/hyper/Desktop/workspace/alti.code.studio/alti.code.studio.backend/src/app/modules/agents/designer.agent.js'","name":"C:/Users/hyper/Desktop/workspace/alti.code.studio/alti.code.studio.backend/src/app/modules/agents/designer.test.js"},{"assertionResults":[{"ancestorTitles":["Autonomous Infrastructure-as-Code (Phase 22 - The DevOps Architect)"],"fullName":"Autonomous Infrastructure-as-Code (Phase 22 - The DevOps Architect) should generate a main.tf file, mock a terraform apply, and inject credentials into .env","status":"failed","title":"should generate a main.tf file, mock a terraform apply, and inject credentials into .env","duration":38.967499999999745,"failureMessages":["AssertionError: expected { ΓÇª(2) } to have property \"AWS_S3_BUCKET_NAME\"\n    at C:/Users/hyper/Desktop/workspace/alti.code.studio/alti.code.studio.backend/src/app/modules/agents/devops.test.js:59:32\n    at processTicksAndRejections (node:internal/process/task_queues:104:5)\n    at file:///C:/Users/hyper/Desktop/workspace/alti.code.studio/alti.code.studio.backend/node_modules/@vitest/runner/dist/index.js:915:20"],"meta":{}}],"startTime":1771873022045,"endTime":1771873022083.9675,"status":"failed","message":"","name":"C:/Users/hyper/Desktop/workspace/alti.code.studio/alti.code.studio.backend/src/app/modules/agents/devops.test.js"},{"assertionResults":[{"ancestorTitles":["The Economist (Phase 13 Autonomic FinOps Agent)"],"fullName":"The Economist (Phase 13 Autonomic FinOps Agent) should identify bloated GKE nodes and synthesize a Terraform patch","status":"passed","title":"should identify bloated GKE nodes and synthesize a Terraform patch","duration":10.475099999999657,"failureMessages":[],"meta":{}},{"ancestorTitles":["The Economist (Phase 13 Autonomic FinOps Agent)"],"fullName":"The Economist (Phase 13 Autonomic FinOps Agent) should report optimal architecture if no savings are detected","status":"passed","title":"should report optimal architecture if no savings are detected","duration":3.0820000000003347,"failureMessages":[],"meta":{}}],"startTime":1771873040517,"endTime":1771873040531.082,"status":"passed","message":"","name":"C:/Users/hyper/Desktop/workspace/alti.code.studio/alti.code.studio.backend/src/app/modules/agents/economist.test.js"},{"assertionResults":[{"ancestorTitles":["The Continuous Agentic TDD Loop"],"fullName":"The Continuous Agentic TDD Loop should iteratively loop and fix broken code until the sandbox tests pass","status":"passed","title":"should iteratively loop and fix broken code until the sandbox tests pass","duration":11.680600000000595,"failureMessages":[],"meta":{}},{"ancestorTitles":["The Continuous Agentic TDD Loop"],"fullName":"The Continuous Agentic TDD Loop should escape the loop and return false if it exceeds maxLoops","status":"passed","title":"should escape the loop and return false if it exceeds maxLoops","duration":6.499200000000201,"failureMessages":[],"meta":{}}],"startTime":1771873039995,"endTime":1771873040013.4993,"status":"passed","message":"","name":"C:/Users/hyper/Desktop/workspace/alti.code.studio/alti.code.studio.backend/src/app/modules/agents/tdd.agent.test.js"},{"assertionResults":[{"ancestorTitles":["DebugAgent ΓÇö Autonomic Webhook Pipeline"],"fullName":"DebugAgent ΓÇö Autonomic Webhook Pipeline should ingest a GCP Cloud Logging payload and trigger the debugger","status":"passed","title":"should ingest a GCP Cloud Logging payload and trigger the debugger","duration":12.762900000000627,"failureMessages":[],"meta":{}},{"ancestorTitles":["DebugAgentService ΓÇö analyzeError (with memory integration)"],"fullName":"DebugAgentService ΓÇö analyzeError (with memory integration) returns recalledMemories count of 0 when no memories exist","status":"passed","title":"returns recalledMemories count of 0 when no memories exist","duration":1.5797999999995227,"failureMessages":[],"meta":{}},{"ancestorTitles":["DebugAgentService ΓÇö analyzeError (with memory integration)"],"fullName":"DebugAgentService ΓÇö analyzeError (with memory integration) throws on empty errorLog","status":"failed","title":"throws on empty errorLog","duration":56.18719999999939,"failureMessages":["Error: promise resolved \"undefined\" instead of rejecting\n    at _Assertion.__VITEST_REJECTS__ (file:///C:/Users/hyper/Desktop/workspace/alti.code.studio/alti.code.studio.backend/node_modules/@vitest/expect/dist/index.js:1675:17)\n    at _Assertion.propertyGetter (file:///C:/Users/hyper/Desktop/workspace/alti.code.studio/alti.code.studio.backend/node_modules/chai/index.js:1570:27)\n    at Reflect.get (<anonymous>)\n    at Object.proxyGetter [as get] (file:///C:/Users/hyper/Desktop/workspace/alti.code.studio/alti.code.studio.backend/node_modules/chai/index.js:1659:22)\n    at C:/Users/hyper/Desktop/workspace/alti.code.studio/alti.code.studio.backend/src/app/modules/debugAgent/debugAgent.test.js:106:70\n    at processTicksAndRejections (node:internal/process/task_queues:104:5)\n    at file:///C:/Users/hyper/Desktop/workspace/alti.code.studio/alti.code.studio.backend/node_modules/@vitest/runner/dist/index.js:915:20"],"meta":{}},{"ancestorTitles":["DebugAgentService ΓÇö analyzeError (with memory integration)"],"fullName":"DebugAgentService ΓÇö analyzeError (with memory integration) throws on non-string errorLog","status":"failed","title":"throws on non-string errorLog","duration":34.4340000000002,"failureMessages":["Error: promise resolved \"undefined\" instead of rejecting\n    at _Assertion.__VITEST_REJECTS__ (file:///C:/Users/hyper/Desktop/workspace/alti.code.studio/alti.code.studio.backend/node_modules/@vitest/expect/dist/index.js:1675:17)\n    at _Assertion.propertyGetter (file:///C:/Users/hyper/Desktop/workspace/alti.code.studio/alti.code.studio.backend/node_modules/chai/index.js:1570:27)\n    at Reflect.get (<anonymous>)\n    at Object.proxyGetter [as get] (file:///C:/Users/hyper/Desktop/workspace/alti.code.studio/alti.code.studio.backend/node_modules/chai/index.js:1659:22)\n    at C:/Users/hyper/Desktop/workspace/alti.code.studio/alti.code.studio.backend/src/app/modules/debugAgent/debugAgent.test.js:113:8\n    at processTicksAndRejections (node:internal/process/task_queues:104:5)\n    at file:///C:/Users/hyper/Desktop/workspace/alti.code.studio/alti.code.studio.backend/node_modules/@vitest/runner/dist/index.js:915:20"],"meta":{}},{"ancestorTitles":["DebugAgentService ΓÇö analyzeError (with memory integration)"],"fullName":"DebugAgentService ΓÇö analyzeError (with memory integration) returns recalledMemories count matching memory search results","status":"passed","title":"returns recalledMemories count matching memory search results","duration":0.8845000000001164,"failureMessages":[],"meta":{}}],"startTime":1771873021602,"endTime":1771873021709.8845,"status":"failed","message":"","name":"C:/Users/hyper/Desktop/workspace/alti.code.studio/alti.code.studio.backend/src/app/modules/debugAgent/debugAgent.test.js"},{"assertionResults":[{"ancestorTitles":["Phase 26: Enterprise Auth & Tenant Isolation","SSO Provider"],"fullName":"Phase 26: Enterprise Auth & Tenant Isolation SSO Provider should validate a well-formed JWT","status":"passed","title":"should validate a well-formed JWT","duration":63.84379999999999,"failureMessages":[],"meta":{}},{"ancestorTitles":["Phase 26: Enterprise Auth & Tenant Isolation","SSO Provider"],"fullName":"Phase 26: Enterprise Auth & Tenant Isolation SSO Provider should reject expired tokens","status":"passed","title":"should reject expired tokens","duration":4.533700000000067,"failureMessages":[],"meta":{}},{"ancestorTitles":["Phase 26: Enterprise Auth & Tenant Isolation","SSO Provider"],"fullName":"Phase 26: Enterprise Auth & Tenant Isolation SSO Provider should reject missing tokens","status":"passed","title":"should reject missing tokens","duration":0.9330999999999676,"failureMessages":[],"meta":{}},{"ancestorTitles":["Phase 26: Enterprise Auth & Tenant Isolation","SSO Provider"],"fullName":"Phase 26: Enterprise Auth & Tenant Isolation SSO Provider should export all 8 enterprise roles","status":"passed","title":"should export all 8 enterprise roles","duration":1.0559999999999263,"failureMessages":[],"meta":{}},{"ancestorTitles":["Phase 26: Enterprise Auth & Tenant Isolation","Tenant Service"],"fullName":"Phase 26: Enterprise Auth & Tenant Isolation Tenant Service should have a default tenant on boot","status":"passed","title":"should have a default tenant on boot","duration":30.3583000000001,"failureMessages":[],"meta":{}},{"ancestorTitles":["Phase 26: Enterprise Auth & Tenant Isolation","Tenant Service"],"fullName":"Phase 26: Enterprise Auth & Tenant Isolation Tenant Service should register new tenants with correct plan quotas","status":"passed","title":"should register new tenants with correct plan quotas","duration":1.295500000000061,"failureMessages":[],"meta":{}},{"ancestorTitles":["Phase 26: Enterprise Auth & Tenant Isolation","Tenant Service"],"fullName":"Phase 26: Enterprise Auth & Tenant Isolation Tenant Service should track token usage per tenant","status":"passed","title":"should track token usage per tenant","duration":1.1094999999999118,"failureMessages":[],"meta":{}},{"ancestorTitles":["Phase 26: Enterprise Auth & Tenant Isolation","Tenant Service"],"fullName":"Phase 26: Enterprise Auth & Tenant Isolation Tenant Service should suspend and detect suspended tenants","status":"passed","title":"should suspend and detect suspended tenants","duration":0.9073999999999387,"failureMessages":[],"meta":{}},{"ancestorTitles":["Phase 26: Enterprise Auth & Tenant Isolation","Tenant Service"],"fullName":"Phase 26: Enterprise Auth & Tenant Isolation Tenant Service should expose S&P 500 plan tier","status":"passed","title":"should expose S&P 500 plan tier","duration":0.9891000000000076,"failureMessages":[],"meta":{}},{"ancestorTitles":["Phase 27: Observability & Cost Attribution"],"fullName":"Phase 27: Observability & Cost Attribution should persist agent results","status":"passed","title":"should persist agent results","duration":843.5826,"failureMessages":[],"meta":{}},{"ancestorTitles":["Phase 27: Observability & Cost Attribution"],"fullName":"Phase 27: Observability & Cost Attribution should calculate cost attribution by agent/squad/model","status":"passed","title":"should calculate cost attribution by agent/squad/model","duration":1.8693000000000666,"failureMessages":[],"meta":{}},{"ancestorTitles":["Phase 27: Observability & Cost Attribution"],"fullName":"Phase 27: Observability & Cost Attribution should filter results by agent name and time range","status":"passed","title":"should filter results by agent name and time range","duration":0.6650999999999385,"failureMessages":[],"meta":{}},{"ancestorTitles":["Phase 28: Resilience & SLA Infrastructure"],"fullName":"Phase 28: Resilience & SLA Infrastructure should track circuit breaker states","status":"failed","title":"should track circuit breaker states","duration":148.8669,"failureMessages":["AssertionError: expected Promise{ΓÇª} to be true // Object.is equality\n    at C:/Users/hyper/Desktop/workspace/alti.code.studio/alti.code.studio.backend/src/app/modules/enterprise/enterprise.test.js:213:34\n    at processTicksAndRejections (node:internal/process/task_queues:104:5)\n    at file:///C:/Users/hyper/Desktop/workspace/alti.code.studio/alti.code.studio.backend/node_modules/@vitest/runner/dist/index.js:915:20"],"meta":{}},{"ancestorTitles":["Phase 28: Resilience & SLA Infrastructure"],"fullName":"Phase 28: Resilience & SLA Infrastructure should recover circuit after reset timeout","status":"failed","title":"should recover circuit after reset timeout","duration":2.2557999999999083,"failureMessages":["AssertionError: expected Promise{ΓÇª} to be false // Object.is equality\n    at C:/Users/hyper/Desktop/workspace/alti.code.studio/alti.code.studio.backend/src/app/modules/enterprise/enterprise.test.js:229:34\n    at processTicksAndRejections (node:internal/process/task_queues:104:5)\n    at file:///C:/Users/hyper/Desktop/workspace/alti.code.studio/alti.code.studio.backend/node_modules/@vitest/runner/dist/index.js:915:20"],"meta":{}},{"ancestorTitles":["Phase 28: Resilience & SLA Infrastructure"],"fullName":"Phase 28: Resilience & SLA Infrastructure should execute AI calls with resilient provider","status":"failed","title":"should execute AI calls with resilient provider","duration":1.8641000000000076,"failureMessages":["AssertionError: expected Promise{ΓÇª} to be true // Object.is equality\n    at C:/Users/hyper/Desktop/workspace/alti.code.studio/alti.code.studio.backend/src/app/modules/enterprise/enterprise.test.js:247:35\n    at processTicksAndRejections (node:internal/process/task_queues:104:5)\n    at file:///C:/Users/hyper/Desktop/workspace/alti.code.studio/alti.code.studio.backend/node_modules/@vitest/runner/dist/index.js:915:20"],"meta":{}},{"ancestorTitles":["Phase 28: Resilience & SLA Infrastructure"],"fullName":"Phase 28: Resilience & SLA Infrastructure should failover when a provider circuit is OPEN","status":"failed","title":"should failover when a provider circuit is OPEN","duration":1.9916999999998097,"failureMessages":["AssertionError: expected Promise{ΓÇª} to be false // Object.is equality\n    at C:/Users/hyper/Desktop/workspace/alti.code.studio/alti.code.studio.backend/src/app/modules/enterprise/enterprise.test.js:261:39\n    at processTicksAndRejections (node:internal/process/task_queues:104:5)\n    at file:///C:/Users/hyper/Desktop/workspace/alti.code.studio/alti.code.studio.backend/node_modules/@vitest/runner/dist/index.js:915:20"],"meta":{}},{"ancestorTitles":["Phase 28: Resilience & SLA Infrastructure"],"fullName":"Phase 28: Resilience & SLA Infrastructure should report AI provider health","status":"passed","title":"should report AI provider health","duration":1.3113000000000739,"failureMessages":[],"meta":{}},{"ancestorTitles":["Phase 29: Integration Layer ΓÇö Event Bus & Webhooks"],"fullName":"Phase 29: Integration Layer ΓÇö Event Bus & Webhooks should publish and subscribe to events","status":"passed","title":"should publish and subscribe to events","duration":423.7141999999999,"failureMessages":[],"meta":{}},{"ancestorTitles":["Phase 29: Integration Layer ΓÇö Event Bus & Webhooks"],"fullName":"Phase 29: Integration Layer ΓÇö Event Bus & Webhooks should support 18+ event types","status":"passed","title":"should support 18+ event types","duration":0.5441000000000713,"failureMessages":[],"meta":{}},{"ancestorTitles":["Phase 29: Integration Layer ΓÇö Event Bus & Webhooks"],"fullName":"Phase 29: Integration Layer ΓÇö Event Bus & Webhooks should query event history","status":"passed","title":"should query event history","duration":0.6889000000001033,"failureMessages":[],"meta":{}},{"ancestorTitles":["Phase 29: Integration Layer ΓÇö Event Bus & Webhooks"],"fullName":"Phase 29: Integration Layer ΓÇö Event Bus & Webhooks should register and manage webhooks","status":"passed","title":"should register and manage webhooks","duration":1.2195000000001528,"failureMessages":[],"meta":{}},{"ancestorTitles":["Phase 30: Batch Processing Engine"],"fullName":"Phase 30: Batch Processing Engine should execute batch with configurable concurrency","status":"passed","title":"should execute batch with configurable concurrency","duration":13.460999999999785,"failureMessages":[],"meta":{}},{"ancestorTitles":["Phase 30: Batch Processing Engine"],"fullName":"Phase 30: Batch Processing Engine should handle partial failures gracefully","status":"passed","title":"should handle partial failures gracefully","duration":2.8325999999997293,"failureMessages":[],"meta":{}},{"ancestorTitles":["Phase 31: Compliance Engine ΓÇö SOX / HIPAA / PCI-DSS / GDPR / FedRAMP"],"fullName":"Phase 31: Compliance Engine ΓÇö SOX / HIPAA / PCI-DSS / GDPR / FedRAMP should detect PII in text (SSN, credit cards, emails)","status":"passed","title":"should detect PII in text (SSN, credit cards, emails)","duration":759.7694000000001,"failureMessages":[],"meta":{}},{"ancestorTitles":["Phase 31: Compliance Engine ΓÇö SOX / HIPAA / PCI-DSS / GDPR / FedRAMP"],"fullName":"Phase 31: Compliance Engine ΓÇö SOX / HIPAA / PCI-DSS / GDPR / FedRAMP should classify clean text as PUBLIC","status":"passed","title":"should classify clean text as PUBLIC","duration":0.7660000000000764,"failureMessages":[],"meta":{}},{"ancestorTitles":["Phase 31: Compliance Engine ΓÇö SOX / HIPAA / PCI-DSS / GDPR / FedRAMP"],"fullName":"Phase 31: Compliance Engine ΓÇö SOX / HIPAA / PCI-DSS / GDPR / FedRAMP should log immutable audit entries with integrity hash","status":"failed","title":"should log immutable audit entries with integrity hash","duration":3.7573999999999614,"failureMessages":["TypeError: .toMatch() expects to receive a string, but got undefined\n    at Proxy.<anonymous> (file:///C:/Users/hyper/Desktop/workspace/alti.code.studio/alti.code.studio.backend/node_modules/@vitest/expect/dist/index.js:1226:10)\n    at Proxy.<anonymous> (file:///C:/Users/hyper/Desktop/workspace/alti.code.studio/alti.code.studio.backend/node_modules/@vitest/expect/dist/index.js:1090:14)\n    at Proxy.methodWrapper (file:///C:/Users/hyper/Desktop/workspace/alti.code.studio/alti.code.studio.backend/node_modules/chai/index.js:1700:25)\n    at C:/Users/hyper/Desktop/workspace/alti.code.studio/alti.code.studio.backend/src/app/modules/enterprise/enterprise.test.js:419:26\n    at processTicksAndRejections (node:internal/process/task_queues:104:5)\n    at file:///C:/Users/hyper/Desktop/workspace/alti.code.studio/alti.code.studio.backend/node_modules/@vitest/runner/dist/index.js:915:20"],"meta":{}},{"ancestorTitles":["Phase 31: Compliance Engine ΓÇö SOX / HIPAA / PCI-DSS / GDPR / FedRAMP"],"fullName":"Phase 31: Compliance Engine ΓÇö SOX / HIPAA / PCI-DSS / GDPR / FedRAMP should process GDPR erasure requests with 30-day deadline","status":"failed","title":"should process GDPR erasure requests with 30-day deadline","duration":4.202700000000277,"failureMessages":["AssertionError: expected undefined to be 'pending' // Object.is equality\n    at C:/Users/hyper/Desktop/workspace/alti.code.studio/alti.code.studio.backend/src/app/modules/enterprise/enterprise.test.js:428:32\n    at processTicksAndRejections (node:internal/process/task_queues:104:5)\n    at file:///C:/Users/hyper/Desktop/workspace/alti.code.studio/alti.code.studio.backend/node_modules/@vitest/runner/dist/index.js:915:20"],"meta":{}},{"ancestorTitles":["Phase 31: Compliance Engine ΓÇö SOX / HIPAA / PCI-DSS / GDPR / FedRAMP"],"fullName":"Phase 31: Compliance Engine ΓÇö SOX / HIPAA / PCI-DSS / GDPR / FedRAMP should generate multi-framework compliance reports","status":"passed","title":"should generate multi-framework compliance reports","duration":11.054999999999836,"failureMessages":[],"meta":{}},{"ancestorTitles":["Phase 32: Developer Platform ΓÇö Agent SDK"],"fullName":"Phase 32: Developer Platform ΓÇö Agent SDK should define custom tenant-scoped agents","status":"passed","title":"should define custom tenant-scoped agents","duration":23.122799999999643,"failureMessages":[],"meta":{}},{"ancestorTitles":["Phase 32: Developer Platform ΓÇö Agent SDK"],"fullName":"Phase 32: Developer Platform ΓÇö Agent SDK should version and rollback agents","status":"passed","title":"should version and rollback agents","duration":1.231300000000374,"failureMessages":[],"meta":{}},{"ancestorTitles":["Phase 32: Developer Platform ΓÇö Agent SDK"],"fullName":"Phase 32: Developer Platform ΓÇö Agent SDK should publish agents to marketplace","status":"passed","title":"should publish agents to marketplace","duration":0.7128999999999905,"failureMessages":[],"meta":{}},{"ancestorTitles":["Phase 32: Developer Platform ΓÇö Agent SDK"],"fullName":"Phase 32: Developer Platform ΓÇö Agent SDK should search marketplace by category and keyword","status":"passed","title":"should search marketplace by category and keyword","duration":0.7997000000000298,"failureMessages":[],"meta":{}},{"ancestorTitles":["Phase 32: Developer Platform ΓÇö Agent SDK"],"fullName":"Phase 32: Developer Platform ΓÇö Agent SDK should report comprehensive SDK stats","status":"passed","title":"should report comprehensive SDK stats","duration":0.6692000000002736,"failureMessages":[],"meta":{}},{"ancestorTitles":["Cross-Module Integration: S&P 500 Readiness"],"fullName":"Cross-Module Integration: S&P 500 Readiness should export all enterprise modules from index","status":"passed","title":"should export all enterprise modules from index","duration":985.2078000000001,"failureMessages":[],"meta":{}},{"ancestorTitles":["Cross-Module Integration: S&P 500 Readiness"],"fullName":"Cross-Module Integration: S&P 500 Readiness should have all 7 compliance frameworks available","status":"passed","title":"should have all 7 compliance frameworks available","duration":0.981199999999717,"failureMessages":[],"meta":{}},{"ancestorTitles":["Cross-Module Integration: S&P 500 Readiness"],"fullName":"Cross-Module Integration: S&P 500 Readiness should have 4 GCP region groups for data residency","status":"passed","title":"should have 4 GCP region groups for data residency","duration":0.6617000000001099,"failureMessages":[],"meta":{}},{"ancestorTitles":["Cross-Module Integration: S&P 500 Readiness"],"fullName":"Cross-Module Integration: S&P 500 Readiness should have 4 plan tiers including S&P 500","status":"passed","title":"should have 4 plan tiers including S&P 500","duration":0.6556000000000495,"failureMessages":[],"meta":{}}],"startTime":1771873009880,"endTime":1771873013257.6555,"status":"failed","message":"","name":"C:/Users/hyper/Desktop/workspace/alti.code.studio/alti.code.studio.backend/src/app/modules/enterprise/enterprise.test.js"},{"assertionResults":[{"ancestorTitles":["Phase 33: Enterprise Bridge"],"fullName":"Phase 33: Enterprise Bridge should intercept dispatch with PII scanning","status":"passed","title":"should intercept dispatch with PII scanning","duration":2373.7649,"failureMessages":[],"meta":{}},{"ancestorTitles":["Phase 33: Enterprise Bridge"],"fullName":"Phase 33: Enterprise Bridge should persist result and publish event on dispatch completion","status":"passed","title":"should persist result and publish event on dispatch completion","duration":2.24599999999964,"failureMessages":[],"meta":{}},{"ancestorTitles":["Phase 33: Enterprise Bridge"],"fullName":"Phase 33: Enterprise Bridge should handle dispatch errors and publish failure event","status":"passed","title":"should handle dispatch errors and publish failure event","duration":11.476000000000113,"failureMessages":[],"meta":{}},{"ancestorTitles":["Phase 33: Enterprise Bridge"],"fullName":"Phase 33: Enterprise Bridge should track dispatch stats","status":"passed","title":"should track dispatch stats","duration":0.6541999999999462,"failureMessages":[],"meta":{}},{"ancestorTitles":["Phase 33: Enterprise Bridge"],"fullName":"Phase 33: Enterprise Bridge should enable/disable the bridge","status":"passed","title":"should enable/disable the bridge","duration":1.1907999999998538,"failureMessages":[],"meta":{}},{"ancestorTitles":["Phase 35: Observability Pipeline","Metric Collector"],"fullName":"Phase 35: Observability Pipeline Metric Collector should define and increment counters","status":"passed","title":"should define and increment counters","duration":504.10350000000017,"failureMessages":[],"meta":{}},{"ancestorTitles":["Phase 35: Observability Pipeline","Metric Collector"],"fullName":"Phase 35: Observability Pipeline Metric Collector should set and read gauges","status":"passed","title":"should set and read gauges","duration":1.181300000000192,"failureMessages":[],"meta":{}},{"ancestorTitles":["Phase 35: Observability Pipeline","Metric Collector"],"fullName":"Phase 35: Observability Pipeline Metric Collector should observe histograms with bucket distribution","status":"passed","title":"should observe histograms with bucket distribution","duration":1.2350000000001273,"failureMessages":[],"meta":{}},{"ancestorTitles":["Phase 35: Observability Pipeline","Metric Collector"],"fullName":"Phase 35: Observability Pipeline Metric Collector should export Prometheus text format","status":"passed","title":"should export Prometheus text format","duration":1.7465000000001965,"failureMessages":[],"meta":{}},{"ancestorTitles":["Phase 35: Observability Pipeline","Metric Collector"],"fullName":"Phase 35: Observability Pipeline Metric Collector should auto-update system gauges on export","status":"passed","title":"should auto-update system gauges on export","duration":1.1401999999998225,"failureMessages":[],"meta":{}},{"ancestorTitles":["Phase 35: Observability Pipeline","Metric Collector"],"fullName":"Phase 35: Observability Pipeline Metric Collector should have 25+ pre-defined metrics","status":"passed","title":"should have 25+ pre-defined metrics","duration":0.6491000000000895,"failureMessages":[],"meta":{}},{"ancestorTitles":["Phase 35: Observability Pipeline","Distributed Tracer"],"fullName":"Phase 35: Observability Pipeline Distributed Tracer should create and complete trace spans","status":"passed","title":"should create and complete trace spans","duration":23.486499999999978,"failureMessages":[],"meta":{}},{"ancestorTitles":["Phase 35: Observability Pipeline","Distributed Tracer"],"fullName":"Phase 35: Observability Pipeline Distributed Tracer should track error spans","status":"passed","title":"should track error spans","duration":0.5678000000002612,"failureMessages":[],"meta":{}},{"ancestorTitles":["Phase 35: Observability Pipeline","Distributed Tracer"],"fullName":"Phase 35: Observability Pipeline Distributed Tracer should report tracer stats","status":"passed","title":"should report tracer stats","duration":0.7830000000003565,"failureMessages":[],"meta":{}},{"ancestorTitles":["Phase 35: Observability Pipeline","Agent Dashboard"],"fullName":"Phase 35: Observability Pipeline Agent Dashboard should return full system snapshot","status":"passed","title":"should return full system snapshot","duration":1.3479999999999563,"failureMessages":[],"meta":{}},{"ancestorTitles":["Phase 35: Observability Pipeline","Agent Dashboard"],"fullName":"Phase 35: Observability Pipeline Agent Dashboard should return per-agent performance","status":"passed","title":"should return per-agent performance","duration":1.0489999999999782,"failureMessages":[],"meta":{}},{"ancestorTitles":["Phase 35: Observability Pipeline","Agent Dashboard"],"fullName":"Phase 35: Observability Pipeline Agent Dashboard should return SLA compliance report","status":"passed","title":"should return SLA compliance report","duration":1.975500000000011,"failureMessages":[],"meta":{}},{"ancestorTitles":["Full Enterprise Stack Integration"],"fullName":"Full Enterprise Stack Integration should export bridge from barrel index","status":"passed","title":"should export bridge from barrel index","duration":170.29420000000027,"failureMessages":[],"meta":{}},{"ancestorTitles":["Full Enterprise Stack Integration"],"fullName":"Full Enterprise Stack Integration should run bridge + observability end-to-end","status":"passed","title":"should run bridge + observability end-to-end","duration":1.6958999999997104,"failureMessages":[],"meta":{}}],"startTime":1771873022607,"endTime":1771873025710.6958,"status":"passed","message":"","name":"C:/Users/hyper/Desktop/workspace/alti.code.studio/alti.code.studio.backend/src/app/modules/enterprise/integration.test.js"},{"assertionResults":[{"ancestorTitles":["Phase 36: Multi-Region Failover"],"fullName":"Phase 36: Multi-Region Failover should bootstrap with us-central1 as primary","status":"passed","title":"should bootstrap with us-central1 as primary","duration":276.6346000000001,"failureMessages":[],"meta":{}},{"ancestorTitles":["Phase 36: Multi-Region Failover"],"fullName":"Phase 36: Multi-Region Failover should register additional clusters","status":"passed","title":"should register additional clusters","duration":1.172399999999925,"failureMessages":[],"meta":{}},{"ancestorTitles":["Phase 36: Multi-Region Failover"],"fullName":"Phase 36: Multi-Region Failover should health check all clusters","status":"passed","title":"should health check all clusters","duration":1.8934000000000424,"failureMessages":[],"meta":{}},{"ancestorTitles":["Phase 36: Multi-Region Failover"],"fullName":"Phase 36: Multi-Region Failover should failover from primary to secondary","status":"passed","title":"should failover from primary to secondary","duration":1.8079999999999927,"failureMessages":[],"meta":{}},{"ancestorTitles":["Phase 36: Multi-Region Failover"],"fullName":"Phase 36: Multi-Region Failover should route traffic to correct region based on zone","status":"passed","title":"should route traffic to correct region based on zone","duration":1.326599999999985,"failureMessages":[],"meta":{}},{"ancestorTitles":["Phase 36: Multi-Region Failover"],"fullName":"Phase 36: Multi-Region Failover should set traffic weights","status":"failed","title":"should set traffic weights","duration":37.29449999999997,"failureMessages":["AssertionError: expected +0 to be 100 // Object.is equality\n    at C:/Users/hyper/Desktop/workspace/alti.code.studio/alti.code.studio.backend/src/app/modules/enterprise/phases36_37.test.js:109:66\n    at processTicksAndRejections (node:internal/process/task_queues:104:5)\n    at file:///C:/Users/hyper/Desktop/workspace/alti.code.studio/alti.code.studio.backend/node_modules/@vitest/runner/dist/index.js:915:20"],"meta":{}},{"ancestorTitles":["Phase 36: Multi-Region Failover"],"fullName":"Phase 36: Multi-Region Failover should report disaster recovery status","status":"passed","title":"should report disaster recovery status","duration":1.601699999999937,"failureMessages":[],"meta":{}},{"ancestorTitles":["Phase 36: Multi-Region Failover"],"fullName":"Phase 36: Multi-Region Failover should record backup and track RPO","status":"passed","title":"should record backup and track RPO","duration":1.0902999999999565,"failureMessages":[],"meta":{}},{"ancestorTitles":["Phase 37: Enterprise Admin Dashboard"],"fullName":"Phase 37: Enterprise Admin Dashboard should return full system overview","status":"passed","title":"should return full system overview","duration":2555.6697,"failureMessages":[],"meta":{}},{"ancestorTitles":["Phase 37: Enterprise Admin Dashboard"],"fullName":"Phase 37: Enterprise Admin Dashboard should return agent fleet overview","status":"passed","title":"should return agent fleet overview","duration":1.534900000000107,"failureMessages":[],"meta":{}},{"ancestorTitles":["Phase 37: Enterprise Admin Dashboard"],"fullName":"Phase 37: Enterprise Admin Dashboard should generate executive summary","status":"passed","title":"should generate executive summary","duration":4.073100000000068,"failureMessages":[],"meta":{}},{"ancestorTitles":["Phase 37: Enterprise Admin Dashboard"],"fullName":"Phase 37: Enterprise Admin Dashboard should provide capacity projections","status":"passed","title":"should provide capacity projections","duration":1.1870000000003529,"failureMessages":[],"meta":{}},{"ancestorTitles":["Phase 37: Enterprise Admin Dashboard"],"fullName":"Phase 37: Enterprise Admin Dashboard should return tenant plan distribution","status":"passed","title":"should return tenant plan distribution","duration":1.008100000000013,"failureMessages":[],"meta":{}},{"ancestorTitles":["Phases 36-37 Cross Integration"],"fullName":"Phases 36-37 Cross Integration should export all new modules from barrel index","status":"passed","title":"should export all new modules from barrel index","duration":489.18629999999985,"failureMessages":[],"meta":{}},{"ancestorTitles":["Phases 36-37 Cross Integration"],"fullName":"Phases 36-37 Cross Integration should integrate admin dashboard with multi-region","status":"passed","title":"should integrate admin dashboard with multi-region","duration":1.1869000000001506,"failureMessages":[],"meta":{}}],"startTime":1771873009875,"endTime":1771873013254.187,"status":"failed","message":"","name":"C:/Users/hyper/Desktop/workspace/alti.code.studio/alti.code.studio.backend/src/app/modules/enterprise/phases36_37.test.js"},{"assertionResults":[{"ancestorTitles":["Phase 39: API Key Management"],"fullName":"Phase 39: API Key Management should generate HMAC-SHA256 API keys","status":"passed","title":"should generate HMAC-SHA256 API keys","duration":124.34109999999998,"failureMessages":[],"meta":{}},{"ancestorTitles":["Phase 39: API Key Management"],"fullName":"Phase 39: API Key Management should generate test environment keys","status":"passed","title":"should generate test environment keys","duration":1.0009000000000015,"failureMessages":[],"meta":{}},{"ancestorTitles":["Phase 39: API Key Management"],"fullName":"Phase 39: API Key Management should reject invalid keys","status":"passed","title":"should reject invalid keys","duration":0.504099999999994,"failureMessages":[],"meta":{}},{"ancestorTitles":["Phase 39: API Key Management"],"fullName":"Phase 39: API Key Management should rotate keys with grace period","status":"passed","title":"should rotate keys with grace period","duration":2.3794000000000324,"failureMessages":[],"meta":{}},{"ancestorTitles":["Phase 39: API Key Management"],"fullName":"Phase 39: API Key Management should revoke keys immediately","status":"passed","title":"should revoke keys immediately","duration":0.9707999999999402,"failureMessages":[],"meta":{}},{"ancestorTitles":["Phase 39: API Key Management"],"fullName":"Phase 39: API Key Management should list keys per tenant (redacted)","status":"passed","title":"should list keys per tenant (redacted)","duration":0.7923999999999296,"failureMessages":[],"meta":{}},{"ancestorTitles":["Phase 39: API Key Management"],"fullName":"Phase 39: API Key Management should track usage per key","status":"passed","title":"should track usage per key","duration":0.718599999999924,"failureMessages":[],"meta":{}},{"ancestorTitles":["Phase 39: Rate Limiting"],"fullName":"Phase 39: Rate Limiting should enforce per-tenant rate limits","status":"passed","title":"should enforce per-tenant rate limits","duration":0.7576000000000249,"failureMessages":[],"meta":{}},{"ancestorTitles":["Phase 39: Rate Limiting"],"fullName":"Phase 39: Rate Limiting should have 4 rate limit tiers","status":"passed","title":"should have 4 rate limit tiers","duration":0.6808000000000902,"failureMessages":[],"meta":{}},{"ancestorTitles":["Phase 39: Rate Limiting"],"fullName":"Phase 39: Rate Limiting should provide middleware factory","status":"passed","title":"should provide middleware factory","duration":0.38430000000005293,"failureMessages":[],"meta":{}},{"ancestorTitles":["Phase 40: Enterprise Caching Layer"],"fullName":"Phase 40: Enterprise Caching Layer should set and get from L1 cache","status":"passed","title":"should set and get from L1 cache","duration":231.6511999999999,"failureMessages":[],"meta":{}},{"ancestorTitles":["Phase 40: Enterprise Caching Layer"],"fullName":"Phase 40: Enterprise Caching Layer should cascade L1 miss ΓåÆ L2 hit and promote","status":"passed","title":"should cascade L1 miss ΓåÆ L2 hit and promote","duration":53.59830000000011,"failureMessages":[],"meta":{}},{"ancestorTitles":["Phase 40: Enterprise Caching Layer"],"fullName":"Phase 40: Enterprise Caching Layer should invalidate by tag","status":"passed","title":"should invalidate by tag","duration":0.8705999999999676,"failureMessages":[],"meta":{}},{"ancestorTitles":["Phase 40: Enterprise Caching Layer"],"fullName":"Phase 40: Enterprise Caching Layer should deduplicate agent results","status":"failed","title":"should deduplicate agent results","duration":15.461099999999988,"failureMessages":["AssertionError: expected undefined to be false // Object.is equality\n    at C:/Users/hyper/Desktop/workspace/alti.code.studio/alti.code.studio.backend/src/app/modules/enterprise/phases39_41.test.js:198:27\n    at file:///C:/Users/hyper/Desktop/workspace/alti.code.studio/alti.code.studio.backend/node_modules/@vitest/runner/dist/index.js:915:20"],"meta":{}},{"ancestorTitles":["Phase 40: Enterprise Caching Layer"],"fullName":"Phase 40: Enterprise Caching Layer should flush all caches","status":"passed","title":"should flush all caches","duration":0.9999000000000251,"failureMessages":[],"meta":{}},{"ancestorTitles":["Phase 40: Enterprise Caching Layer"],"fullName":"Phase 40: Enterprise Caching Layer should report combined stats","status":"passed","title":"should report combined stats","duration":1.1049000000000433,"failureMessages":[],"meta":{}},{"ancestorTitles":["Phase 40: Enterprise Caching Layer"],"fullName":"Phase 40: Enterprise Caching Layer should provide Express caching middleware","status":"passed","title":"should provide Express caching middleware","duration":0.6661999999998898,"failureMessages":[],"meta":{}},{"ancestorTitles":["Phase 41: Error Recovery Pipeline","Dead Letter Queue"],"fullName":"Phase 41: Error Recovery Pipeline Dead Letter Queue should enqueue failed dispatches","status":"passed","title":"should enqueue failed dispatches","duration":38.58180000000016,"failureMessages":[],"meta":{}},{"ancestorTitles":["Phase 41: Error Recovery Pipeline","Dead Letter Queue"],"fullName":"Phase 41: Error Recovery Pipeline Dead Letter Queue should classify errors correctly","status":"passed","title":"should classify errors correctly","duration":0.5723000000000411,"failureMessages":[],"meta":{}},{"ancestorTitles":["Phase 41: Error Recovery Pipeline","Dead Letter Queue"],"fullName":"Phase 41: Error Recovery Pipeline Dead Letter Queue should dequeue only transient errors","status":"passed","title":"should dequeue only transient errors","duration":0.831899999999905,"failureMessages":[],"meta":{}},{"ancestorTitles":["Phase 41: Error Recovery Pipeline","Dead Letter Queue"],"fullName":"Phase 41: Error Recovery Pipeline Dead Letter Queue should report DLQ stats","status":"passed","title":"should report DLQ stats","duration":0.5168999999998505,"failureMessages":[],"meta":{}},{"ancestorTitles":["Phase 41: Error Recovery Pipeline","Retry Policies"],"fullName":"Phase 41: Error Recovery Pipeline Retry Policies should execute with retry on transient failure","status":"passed","title":"should execute with retry on transient failure","duration":771.3547000000001,"failureMessages":[],"meta":{}},{"ancestorTitles":["Phase 41: Error Recovery Pipeline","Retry Policies"],"fullName":"Phase 41: Error Recovery Pipeline Retry Policies should exhaust retries on persistent failure","status":"passed","title":"should exhaust retries on persistent failure","duration":2197.209,"failureMessages":[],"meta":{}},{"ancestorTitles":["Phase 41: Error Recovery Pipeline","Retry Policies"],"fullName":"Phase 41: Error Recovery Pipeline Retry Policies should have 4 preset retry policies","status":"passed","title":"should have 4 preset retry policies","duration":1.7664999999997235,"failureMessages":[],"meta":{}},{"ancestorTitles":["Phase 41: Error Recovery Pipeline","Schema Validator"],"fullName":"Phase 41: Error Recovery Pipeline Schema Validator should validate dispatch requests","status":"passed","title":"should validate dispatch requests","duration":1.3513000000002648,"failureMessages":[],"meta":{}},{"ancestorTitles":["Phase 41: Error Recovery Pipeline","Schema Validator"],"fullName":"Phase 41: Error Recovery Pipeline Schema Validator should validate tenant creation","status":"passed","title":"should validate tenant creation","duration":0.7028999999993175,"failureMessages":[],"meta":{}},{"ancestorTitles":["Phase 41: Error Recovery Pipeline","Schema Validator"],"fullName":"Phase 41: Error Recovery Pipeline Schema Validator should have 4 preset schemas","status":"passed","title":"should have 4 preset schemas","duration":0.791599999999562,"failureMessages":[],"meta":{}},{"ancestorTitles":["Phase 41: Error Recovery Pipeline","Schema Validator"],"fullName":"Phase 41: Error Recovery Pipeline Schema Validator should provide Express middleware","status":"passed","title":"should provide Express middleware","duration":0.45930000000043947,"failureMessages":[],"meta":{}},{"ancestorTitles":["Phase 41: Error Recovery Pipeline","Error Budget Tracker"],"fullName":"Phase 41: Error Recovery Pipeline Error Budget Tracker should track error budget against SLO","status":"passed","title":"should track error budget against SLO","duration":1.6096999999999753,"failureMessages":[],"meta":{}},{"ancestorTitles":["Phase 41: Error Recovery Pipeline","Error Budget Tracker"],"fullName":"Phase 41: Error Recovery Pipeline Error Budget Tracker should warn on high error consumption","status":"passed","title":"should warn on high error consumption","duration":0.778599999999642,"failureMessages":[],"meta":{}},{"ancestorTitles":["Phases 39-41 Cross Integration"],"fullName":"Phases 39-41 Cross Integration should export all modules from barrel index","status":"passed","title":"should export all modules from barrel index","duration":3343.1570999999994,"failureMessages":[],"meta":{}},{"ancestorTitles":["Phases 39-41 Cross Integration"],"fullName":"Phases 39-41 Cross Integration should integrate API key + rate limiter + validator","status":"passed","title":"should integrate API key + rate limiter + validator","duration":1.7354999999997744,"failureMessages":[],"meta":{}}],"startTime":1771873009821,"endTime":1771873016623.7356,"status":"failed","message":"","name":"C:/Users/hyper/Desktop/workspace/alti.code.studio/alti.code.studio.backend/src/app/modules/enterprise/phases39_41.test.js"},{"assertionResults":[{"ancestorTitles":["Phase 42: Audit Log Export"],"fullName":"Phase 42: Audit Log Export should append audit entries with HMAC chain","status":"passed","title":"should append audit entries with HMAC chain","duration":49.83720000000005,"failureMessages":[],"meta":{}},{"ancestorTitles":["Phase 42: Audit Log Export"],"fullName":"Phase 42: Audit Log Export should maintain tamper-proof hash chain","status":"passed","title":"should maintain tamper-proof hash chain","duration":2.282199999999989,"failureMessages":[],"meta":{}},{"ancestorTitles":["Phase 42: Audit Log Export"],"fullName":"Phase 42: Audit Log Export should query logs with filters","status":"passed","title":"should query logs with filters","duration":1.87399999999991,"failureMessages":[],"meta":{}},{"ancestorTitles":["Phase 42: Audit Log Export"],"fullName":"Phase 42: Audit Log Export should export as CSV","status":"passed","title":"should export as CSV","duration":1.607900000000086,"failureMessages":[],"meta":{}},{"ancestorTitles":["Phase 42: Audit Log Export"],"fullName":"Phase 42: Audit Log Export should export as NDJSON","status":"passed","title":"should export as NDJSON","duration":3.4605999999999995,"failureMessages":[],"meta":{}},{"ancestorTitles":["Phase 42: Audit Log Export"],"fullName":"Phase 42: Audit Log Export should export in CEF format (SIEM)","status":"passed","title":"should export in CEF format (SIEM)","duration":1.1312000000000353,"failureMessages":[],"meta":{}},{"ancestorTitles":["Phase 42: Audit Log Export"],"fullName":"Phase 42: Audit Log Export should export for Splunk HEC","status":"passed","title":"should export for Splunk HEC","duration":1.1505000000000791,"failureMessages":[],"meta":{}},{"ancestorTitles":["Phase 42: Audit Log Export"],"fullName":"Phase 42: Audit Log Export should export for Datadog","status":"passed","title":"should export for Datadog","duration":1.2064000000000306,"failureMessages":[],"meta":{}},{"ancestorTitles":["Phase 42: Audit Log Export"],"fullName":"Phase 42: Audit Log Export should export for Elastic bulk","status":"passed","title":"should export for Elastic bulk","duration":1.138900000000035,"failureMessages":[],"meta":{}},{"ancestorTitles":["Phase 42: Audit Log Export"],"fullName":"Phase 42: Audit Log Export should register SIEM sinks","status":"passed","title":"should register SIEM sinks","duration":1.6740000000000919,"failureMessages":[],"meta":{}},{"ancestorTitles":["Phase 42: Audit Log Export"],"fullName":"Phase 42: Audit Log Export should support 6 retention policies","status":"passed","title":"should support 6 retention policies","duration":0.8481000000000449,"failureMessages":[],"meta":{}},{"ancestorTitles":["Phase 43: WebSocket Real-Time Feed"],"fullName":"Phase 43: WebSocket Real-Time Feed should establish authenticated connections","status":"passed","title":"should establish authenticated connections","duration":6.212400000000002,"failureMessages":[],"meta":{}},{"ancestorTitles":["Phase 43: WebSocket Real-Time Feed"],"fullName":"Phase 43: WebSocket Real-Time Feed should subscribe to channels with role check","status":"passed","title":"should subscribe to channels with role check","duration":1.1123000000000047,"failureMessages":[],"meta":{}},{"ancestorTitles":["Phase 43: WebSocket Real-Time Feed"],"fullName":"Phase 43: WebSocket Real-Time Feed should deny access to insufficient roles","status":"passed","title":"should deny access to insufficient roles","duration":1.105899999999906,"failureMessages":[],"meta":{}},{"ancestorTitles":["Phase 43: WebSocket Real-Time Feed"],"fullName":"Phase 43: WebSocket Real-Time Feed should broadcast to channel subscribers","status":"passed","title":"should broadcast to channel subscribers","duration":1.5131999999999834,"failureMessages":[],"meta":{}},{"ancestorTitles":["Phase 43: WebSocket Real-Time Feed"],"fullName":"Phase 43: WebSocket Real-Time Feed should map enterprise events to channels","status":"passed","title":"should map enterprise events to channels","duration":0.9307999999999765,"failureMessages":[],"meta":{}},{"ancestorTitles":["Phase 43: WebSocket Real-Time Feed"],"fullName":"Phase 43: WebSocket Real-Time Feed should handle heartbeat and prune stale connections","status":"passed","title":"should handle heartbeat and prune stale connections","duration":0.9696999999999889,"failureMessages":[],"meta":{}},{"ancestorTitles":["Phase 43: WebSocket Real-Time Feed"],"fullName":"Phase 43: WebSocket Real-Time Feed should disconnect and clean up subscriptions","status":"passed","title":"should disconnect and clean up subscriptions","duration":0.98599999999999,"failureMessages":[],"meta":{}},{"ancestorTitles":["Phase 43: WebSocket Real-Time Feed"],"fullName":"Phase 43: WebSocket Real-Time Feed should have 8 channels","status":"passed","title":"should have 8 channels","duration":0.7031000000000631,"failureMessages":[],"meta":{}},{"ancestorTitles":["Phase 43: WebSocket Real-Time Feed"],"fullName":"Phase 43: WebSocket Real-Time Feed should replay recent messages","status":"passed","title":"should replay recent messages","duration":0.4800999999999931,"failureMessages":[],"meta":{}},{"ancestorTitles":["Phase 43: WebSocket Real-Time Feed"],"fullName":"Phase 43: WebSocket Real-Time Feed should report stats","status":"passed","title":"should report stats","duration":0.6499000000000024,"failureMessages":[],"meta":{}},{"ancestorTitles":["Phase 44: Secret Rotation Automation"],"fullName":"Phase 44: Secret Rotation Automation should create secrets with AES-256-GCM encryption","status":"passed","title":"should create secrets with AES-256-GCM encryption","duration":1225.9096,"failureMessages":[],"meta":{}},{"ancestorTitles":["Phase 44: Secret Rotation Automation"],"fullName":"Phase 44: Secret Rotation Automation should support 8 secret types","status":"passed","title":"should support 8 secret types","duration":0.9596000000001368,"failureMessages":[],"meta":{}},{"ancestorTitles":["Phase 44: Secret Rotation Automation"],"fullName":"Phase 44: Secret Rotation Automation should rotate secrets with versioning and overlap","status":"passed","title":"should rotate secrets with versioning and overlap","duration":1.7650000000001,"failureMessages":[],"meta":{}},{"ancestorTitles":["Phase 44: Secret Rotation Automation"],"fullName":"Phase 44: Secret Rotation Automation should maintain version history","status":"passed","title":"should maintain version history","duration":1.6463000000001102,"failureMessages":[],"meta":{}},{"ancestorTitles":["Phase 44: Secret Rotation Automation"],"fullName":"Phase 44: Secret Rotation Automation should rollback to previous versions","status":"passed","title":"should rollback to previous versions","duration":1.9873000000000047,"failureMessages":[],"meta":{}},{"ancestorTitles":["Phase 44: Secret Rotation Automation"],"fullName":"Phase 44: Secret Rotation Automation should set rotation schedules","status":"passed","title":"should set rotation schedules","duration":1.445399999999836,"failureMessages":[],"meta":{}},{"ancestorTitles":["Phase 44: Secret Rotation Automation"],"fullName":"Phase 44: Secret Rotation Automation should check for expiring secrets","status":"passed","title":"should check for expiring secrets","duration":1.088799999999992,"failureMessages":[],"meta":{}},{"ancestorTitles":["Phase 44: Secret Rotation Automation"],"fullName":"Phase 44: Secret Rotation Automation should generate NIST 800-53 / PCI-DSS compliance report","status":"passed","title":"should generate NIST 800-53 / PCI-DSS compliance report","duration":1.1313000000000102,"failureMessages":[],"meta":{}},{"ancestorTitles":["Phase 44: Secret Rotation Automation"],"fullName":"Phase 44: Secret Rotation Automation should encrypt/decrypt with envelope encryption","status":"passed","title":"should encrypt/decrypt with envelope encryption","duration":1.5446000000001732,"failureMessages":[],"meta":{}},{"ancestorTitles":["Phase 44: Secret Rotation Automation"],"fullName":"Phase 44: Secret Rotation Automation should list secrets per tenant (redacted)","status":"passed","title":"should list secrets per tenant (redacted)","duration":0.9261999999998807,"failureMessages":[],"meta":{}},{"ancestorTitles":["Phases 42-44 Cross Integration"],"fullName":"Phases 42-44 Cross Integration should export all modules from barrel index","status":"passed","title":"should export all modules from barrel index","duration":1649.2685,"failureMessages":[],"meta":{}},{"ancestorTitles":["Phases 42-44 Cross Integration"],"fullName":"Phases 42-44 Cross Integration should log audit event ΓåÆ broadcast via WebSocket","status":"passed","title":"should log audit event ΓåÆ broadcast via WebSocket","duration":1.264599999999973,"failureMessages":[],"meta":{}},{"ancestorTitles":["Phases 42-44 Cross Integration"],"fullName":"Phases 42-44 Cross Integration should audit secret rotation and export","status":"passed","title":"should audit secret rotation and export","duration":1.5085999999996602,"failureMessages":[],"meta":{}}],"startTime":1771873022831,"endTime":1771873025836.5085,"status":"passed","message":"","name":"C:/Users/hyper/Desktop/workspace/alti.code.studio/alti.code.studio.backend/src/app/modules/enterprise/phases42_44.test.js"},{"assertionResults":[{"ancestorTitles":["Phase 45: Tenant Quota & Usage Metering"],"fullName":"Phase 45: Tenant Quota & Usage Metering should initialize tenant with plan quotas","status":"passed","title":"should initialize tenant with plan quotas","duration":34.37060000000008,"failureMessages":[],"meta":{}},{"ancestorTitles":["Phase 45: Tenant Quota & Usage Metering"],"fullName":"Phase 45: Tenant Quota & Usage Metering should support 4 plan tiers","status":"passed","title":"should support 4 plan tiers","duration":2.5047000000000708,"failureMessages":[],"meta":{}},{"ancestorTitles":["Phase 45: Tenant Quota & Usage Metering"],"fullName":"Phase 45: Tenant Quota & Usage Metering should record usage and return percent used","status":"passed","title":"should record usage and return percent used","duration":1.6601000000000568,"failureMessages":[],"meta":{}},{"ancestorTitles":["Phase 45: Tenant Quota & Usage Metering"],"fullName":"Phase 45: Tenant Quota & Usage Metering should trigger warning at 80% usage","status":"passed","title":"should trigger warning at 80% usage","duration":1.3952000000000453,"failureMessages":[],"meta":{}},{"ancestorTitles":["Phase 45: Tenant Quota & Usage Metering"],"fullName":"Phase 45: Tenant Quota & Usage Metering should trigger overage at 100% usage","status":"passed","title":"should trigger overage at 100% usage","duration":1.1298999999999069,"failureMessages":[],"meta":{}},{"ancestorTitles":["Phase 45: Tenant Quota & Usage Metering"],"fullName":"Phase 45: Tenant Quota & Usage Metering should check quota and return allowed status","status":"passed","title":"should check quota and return allowed status","duration":1.2397000000000844,"failureMessages":[],"meta":{}},{"ancestorTitles":["Phase 45: Tenant Quota & Usage Metering"],"fullName":"Phase 45: Tenant Quota & Usage Metering should deny when quota exceeded","status":"passed","title":"should deny when quota exceeded","duration":0.8064999999999145,"failureMessages":[],"meta":{}},{"ancestorTitles":["Phase 45: Tenant Quota & Usage Metering"],"fullName":"Phase 45: Tenant Quota & Usage Metering should generate usage dashboard","status":"passed","title":"should generate usage dashboard","duration":1.4014999999999418,"failureMessages":[],"meta":{}},{"ancestorTitles":["Phase 45: Tenant Quota & Usage Metering"],"fullName":"Phase 45: Tenant Quota & Usage Metering should generate invoice with line-item pricing","status":"passed","title":"should generate invoice with line-item pricing","duration":70.44720000000007,"failureMessages":[],"meta":{}},{"ancestorTitles":["Phase 45: Tenant Quota & Usage Metering"],"fullName":"Phase 45: Tenant Quota & Usage Metering should release usage when jobs complete","status":"passed","title":"should release usage when jobs complete","duration":1.101799999999912,"failureMessages":[],"meta":{}},{"ancestorTitles":["Phase 45: Tenant Quota & Usage Metering"],"fullName":"Phase 45: Tenant Quota & Usage Metering should forecast usage for billing period","status":"passed","title":"should forecast usage for billing period","duration":2.5033999999999423,"failureMessages":[],"meta":{}},{"ancestorTitles":["Phase 45: Tenant Quota & Usage Metering"],"fullName":"Phase 45: Tenant Quota & Usage Metering should report metering stats","status":"passed","title":"should report metering stats","duration":0.667699999999968,"failureMessages":[],"meta":{}},{"ancestorTitles":["Phase 47: Enterprise Notification Center"],"fullName":"Phase 47: Enterprise Notification Center should send notification via template","status":"passed","title":"should send notification via template","duration":9.970900000000029,"failureMessages":[],"meta":{}},{"ancestorTitles":["Phase 47: Enterprise Notification Center"],"fullName":"Phase 47: Enterprise Notification Center should route critical notifications to all channels","status":"passed","title":"should route critical notifications to all channels","duration":1.9294999999999618,"failureMessages":[],"meta":{}},{"ancestorTitles":["Phase 47: Enterprise Notification Center"],"fullName":"Phase 47: Enterprise Notification Center should have 10 default templates","status":"passed","title":"should have 10 default templates","duration":0.5022000000000162,"failureMessages":[],"meta":{}},{"ancestorTitles":["Phase 47: Enterprise Notification Center"],"fullName":"Phase 47: Enterprise Notification Center should interpolate template variables","status":"passed","title":"should interpolate template variables","duration":1.1795999999999367,"failureMessages":[],"meta":{}},{"ancestorTitles":["Phase 47: Enterprise Notification Center"],"fullName":"Phase 47: Enterprise Notification Center should manage in-app inbox (unread/read)","status":"passed","title":"should manage in-app inbox (unread/read)","duration":1.4849000000000387,"failureMessages":[],"meta":{}},{"ancestorTitles":["Phase 47: Enterprise Notification Center"],"fullName":"Phase 47: Enterprise Notification Center should mark all as read","status":"passed","title":"should mark all as read","duration":0.9447999999999865,"failureMessages":[],"meta":{}},{"ancestorTitles":["Phase 47: Enterprise Notification Center"],"fullName":"Phase 47: Enterprise Notification Center should set and retrieve notification preferences","status":"passed","title":"should set and retrieve notification preferences","duration":0.9232999999999265,"failureMessages":[],"meta":{}},{"ancestorTitles":["Phase 47: Enterprise Notification Center"],"fullName":"Phase 47: Enterprise Notification Center should queue non-critical notifications for digest","status":"passed","title":"should queue non-critical notifications for digest","duration":0.7145999999999049,"failureMessages":[],"meta":{}},{"ancestorTitles":["Phase 47: Enterprise Notification Center"],"fullName":"Phase 47: Enterprise Notification Center should still send CRITICAL even with digest enabled","status":"passed","title":"should still send CRITICAL even with digest enabled","duration":0.664600000000064,"failureMessages":[],"meta":{}},{"ancestorTitles":["Phase 47: Enterprise Notification Center"],"fullName":"Phase 47: Enterprise Notification Center should flush digest queue","status":"passed","title":"should flush digest queue","duration":0.944400000000087,"failureMessages":[],"meta":{}},{"ancestorTitles":["Phase 47: Enterprise Notification Center"],"fullName":"Phase 47: Enterprise Notification Center should provide notification analytics","status":"passed","title":"should provide notification analytics","duration":0.8373000000000275,"failureMessages":[],"meta":{}},{"ancestorTitles":["Phase 47: Enterprise Notification Center"],"fullName":"Phase 47: Enterprise Notification Center should support 5 notification channels","status":"passed","title":"should support 5 notification channels","duration":0.9970000000000709,"failureMessages":[],"meta":{}},{"ancestorTitles":["Phase 47: Enterprise Notification Center"],"fullName":"Phase 47: Enterprise Notification Center should report stats","status":"passed","title":"should report stats","duration":0.5841000000000349,"failureMessages":[],"meta":{}},{"ancestorTitles":["Phases 45 & 47 Cross Integration"],"fullName":"Phases 45 & 47 Cross Integration should export all modules from barrel index","status":"passed","title":"should export all modules from barrel index","duration":3103.2713,"failureMessages":[],"meta":{}},{"ancestorTitles":["Phases 45 & 47 Cross Integration"],"fullName":"Phases 45 & 47 Cross Integration should trigger notification on quota overage","status":"passed","title":"should trigger notification on quota overage","duration":1.3308999999999287,"failureMessages":[],"meta":{}},{"ancestorTitles":["Phases 45 & 47 Cross Integration"],"fullName":"Phases 45 & 47 Cross Integration should generate invoice and notify tenant","status":"passed","title":"should generate invoice and notify tenant","duration":1.4825999999998203,"failureMessages":[],"meta":{}}],"startTime":1771873023628,"endTime":1771873026878.4827,"status":"passed","message":"","name":"C:/Users/hyper/Desktop/workspace/alti.code.studio/alti.code.studio.backend/src/app/modules/enterprise/phases45_47.test.js"},{"assertionResults":[{"ancestorTitles":["Phase 48: Workflow Engine"],"fullName":"Phase 48: Workflow Engine should define a workflow with steps","status":"passed","title":"should define a workflow with steps","duration":53.40880000000004,"failureMessages":[],"meta":{}},{"ancestorTitles":["Phase 48: Workflow Engine"],"fullName":"Phase 48: Workflow Engine should execute a workflow successfully","status":"passed","title":"should execute a workflow successfully","duration":5.3337999999999965,"failureMessages":[],"meta":{}},{"ancestorTitles":["Phase 48: Workflow Engine"],"fullName":"Phase 48: Workflow Engine should support 8 step types","status":"passed","title":"should support 8 step types","duration":1.2368000000000166,"failureMessages":[],"meta":{}},{"ancestorTitles":["Phase 48: Workflow Engine"],"fullName":"Phase 48: Workflow Engine should resolve DAG dependencies in correct order","status":"passed","title":"should resolve DAG dependencies in correct order","duration":1.3600000000000136,"failureMessages":[],"meta":{}},{"ancestorTitles":["Phase 48: Workflow Engine"],"fullName":"Phase 48: Workflow Engine should have 3 default templates","status":"passed","title":"should have 3 default templates","duration":1.3036999999999352,"failureMessages":[],"meta":{}},{"ancestorTitles":["Phase 48: Workflow Engine"],"fullName":"Phase 48: Workflow Engine should create workflow from template","status":"passed","title":"should create workflow from template","duration":1.3654000000000224,"failureMessages":[],"meta":{}},{"ancestorTitles":["Phase 48: Workflow Engine"],"fullName":"Phase 48: Workflow Engine should handle conditional steps","status":"passed","title":"should handle conditional steps","duration":1.550100000000043,"failureMessages":[],"meta":{}},{"ancestorTitles":["Phase 48: Workflow Engine"],"fullName":"Phase 48: Workflow Engine should list workflows and executions","status":"passed","title":"should list workflows and executions","duration":1.2269000000000005,"failureMessages":[],"meta":{}},{"ancestorTitles":["Phase 48: Workflow Engine"],"fullName":"Phase 48: Workflow Engine should report stats","status":"passed","title":"should report stats","duration":1.017500000000041,"failureMessages":[],"meta":{}},{"ancestorTitles":["Phase 49: Data Pipeline / ETL"],"fullName":"Phase 49: Data Pipeline / ETL should define a multi-stage pipeline","status":"passed","title":"should define a multi-stage pipeline","duration":8.769700000000057,"failureMessages":[],"meta":{}},{"ancestorTitles":["Phase 49: Data Pipeline / ETL"],"fullName":"Phase 49: Data Pipeline / ETL should execute filter transformer","status":"passed","title":"should execute filter transformer","duration":2.489500000000021,"failureMessages":[],"meta":{}},{"ancestorTitles":["Phase 49: Data Pipeline / ETL"],"fullName":"Phase 49: Data Pipeline / ETL should execute map transformer","status":"passed","title":"should execute map transformer","duration":1.137299999999982,"failureMessages":[],"meta":{}},{"ancestorTitles":["Phase 49: Data Pipeline / ETL"],"fullName":"Phase 49: Data Pipeline / ETL should execute aggregate transformer","status":"passed","title":"should execute aggregate transformer","duration":1.2440000000000282,"failureMessages":[],"meta":{}},{"ancestorTitles":["Phase 49: Data Pipeline / ETL"],"fullName":"Phase 49: Data Pipeline / ETL should execute dedupe transformer","status":"passed","title":"should execute dedupe transformer","duration":0.8442000000000007,"failureMessages":[],"meta":{}},{"ancestorTitles":["Phase 49: Data Pipeline / ETL"],"fullName":"Phase 49: Data Pipeline / ETL should execute sort transformer","status":"passed","title":"should execute sort transformer","duration":0.893100000000004,"failureMessages":[],"meta":{}},{"ancestorTitles":["Phase 49: Data Pipeline / ETL"],"fullName":"Phase 49: Data Pipeline / ETL should execute enrich transformer","status":"passed","title":"should execute enrich transformer","duration":1.1798000000000002,"failureMessages":[],"meta":{}},{"ancestorTitles":["Phase 49: Data Pipeline / ETL"],"fullName":"Phase 49: Data Pipeline / ETL should compute data quality score","status":"passed","title":"should compute data quality score","duration":1.0686000000000604,"failureMessages":[],"meta":{}},{"ancestorTitles":["Phase 49: Data Pipeline / ETL"],"fullName":"Phase 49: Data Pipeline / ETL should support 10 transformer types","status":"passed","title":"should support 10 transformer types","duration":0.41840000000001965,"failureMessages":[],"meta":{}},{"ancestorTitles":["Phase 49: Data Pipeline / ETL"],"fullName":"Phase 49: Data Pipeline / ETL should register schemas","status":"passed","title":"should register schemas","duration":0.9779000000000906,"failureMessages":[],"meta":{}},{"ancestorTitles":["Phase 49: Data Pipeline / ETL"],"fullName":"Phase 49: Data Pipeline / ETL should report stats","statu
[...]
es non-critical, holds critical","duration":2.010400000000004,"failureMessages":[],"meta":{}},{"ancestorTitles":["Multi-Agent Workflow Chaining"],"fullName":"Multi-Agent Workflow Chaining should chain agents sequentially with output passing","status":"passed","title":"should chain agents sequentially with output passing","duration":1.649000000000001,"failureMessages":[],"meta":{}},{"ancestorTitles":["Multi-Agent Workflow Chaining"],"fullName":"Multi-Agent Workflow Chaining should skip unknown agents in workflows gracefully","status":"passed","title":"should skip unknown agents in workflows gracefully","duration":0.7164999999999964,"failureMessages":[],"meta":{}},{"ancestorTitles":["Human-in-the-Loop ΓÇö Approve & Reject"],"fullName":"Human-in-the-Loop ΓÇö Approve & Reject should approve a pending plan and execute it","status":"passed","title":"should approve a pending plan and execute it","duration":1.4668000000000347,"failureMessages":[],"meta":{}},{"ancestorTitles":["Human-in-the-Loop ΓÇö Approve & Reject"],"fullName":"Human-in-the-Loop ΓÇö Approve & Reject should reject a pending plan with a reason","status":"passed","title":"should reject a pending plan with a reason","duration":1.3697000000000799,"failureMessages":[],"meta":{}},{"ancestorTitles":["Human-in-the-Loop ΓÇö Approve & Reject"],"fullName":"Human-in-the-Loop ΓÇö Approve & Reject should throw when approving a non-existent plan","status":"passed","title":"should throw when approving a non-existent plan","duration":4.10469999999998,"failureMessages":[],"meta":{}},{"ancestorTitles":["Parallel Dispatch Across Squads"],"fullName":"Parallel Dispatch Across Squads should dispatch to multiple agents simultaneously","status":"passed","title":"should dispatch to multiple agents simultaneously","duration":1.5625,"failureMessages":[],"meta":{}},{"ancestorTitles":["Parallel Dispatch Across Squads"],"fullName":"Parallel Dispatch Across Squads should handle unknown agents in parallel dispatch","status":"passed","title":"should handle unknown agents in parallel dispatch","duration":0.6707999999999856,"failureMessages":[],"meta":{}},{"ancestorTitles":["Legion Processor Stress Test ΓÇö All 72 Agents"],"fullName":"Legion Processor Stress Test ΓÇö All 72 Agents should execute every single Legion processor and return structured output","status":"passed","title":"should execute every single Legion processor and return structured output","duration":20.27800000000002,"failureMessages":[],"meta":{}},{"ancestorTitles":["Capability-Based Routing ΓÇö Deep Discovery"],"fullName":"Capability-Based Routing ΓÇö Deep Discovery should find agents from BOTH Armada and Legion for shared capabilities","status":"passed","title":"should find agents from BOTH Armada and Legion for shared capabilities","duration":1.1438000000000557,"failureMessages":[],"meta":{}},{"ancestorTitles":["Capability-Based Routing ΓÇö Deep Discovery"],"fullName":"Capability-Based Routing ΓÇö Deep Discovery should find all agents in every squad via capabilities","status":"passed","title":"should find all agents in every squad via capabilities","duration":1.2550999999999704,"failureMessages":[],"meta":{}},{"ancestorTitles":["Orchestrator Status & Audit Trail"],"fullName":"Orchestrator Status & Audit Trail should report full system status","status":"passed","title":"should report full system status","duration":1.0434999999999945,"failureMessages":[],"meta":{}},{"ancestorTitles":["Orchestrator Status & Audit Trail"],"fullName":"Orchestrator Status & Audit Trail should maintain execution history for IRS auditability","status":"passed","title":"should maintain execution history for IRS auditability","duration":0.7228999999999814,"failureMessages":[],"meta":{}},{"ancestorTitles":["Orchestrator Status & Audit Trail"],"fullName":"Orchestrator Status & Audit Trail should report correct total agent count via registry","status":"passed","title":"should report correct total agent count via registry","duration":0.31759999999997035,"failureMessages":[],"meta":{}}],"startTime":1771873026659,"endTime":1771873026708.3176,"status":"passed","message":"","name":"C:/Users/hyper/Desktop/workspace/alti.code.studio/alti.code.studio.backend/src/app/modules/queue/stress.test.js"},{"assertionResults":[{"ancestorTitles":["The Singularity Swarm (9 Agents)"],"fullName":"The Singularity Swarm (9 Agents) should initialize the full GOD MODE SWARM","status":"failed","title":"should initialize the full GOD MODE SWARM","duration":4366.987,"failureMessages":["AssertionError: expected undefined to be defined\n    at C:/Users/hyper/Desktop/workspace/alti.code.studio/alti.code.studio.backend/src/app/modules/queue/swarm.nine.test.js:66:36\n    at Array.forEach (<anonymous>)\n    at C:/Users/hyper/Desktop/workspace/alti.code.studio/alti.code.studio.backend/src/app/modules/queue/swarm.nine.test.js:65:24\n    at processTicksAndRejections (node:internal/process/task_queues:104:5)\n    at file:///C:/Users/hyper/Desktop/workspace/alti.code.studio/alti.code.studio.backend/node_modules/@vitest/runner/dist/index.js:915:20"],"meta":{}}],"startTime":1771873010328,"endTime":1771873014694.987,"status":"failed","message":"","name":"C:/Users/hyper/Desktop/workspace/alti.code.studio/alti.code.studio.backend/src/app/modules/queue/swarm.nine.test.js"},{"assertionResults":[{"ancestorTitles":["Universal Swarm (7 Agents)"],"fullName":"Universal Swarm (7 Agents) should initialize the full IMMORTAL SWARM","status":"failed","title":"should initialize the full IMMORTAL SWARM","duration":4432.9745,"failureMessages":["AssertionError: expected undefined to be defined\n    at C:/Users/hyper/Desktop/workspace/alti.code.studio/alti.code.studio.backend/src/app/modules/queue/swarm.test.js:63:36\n    at Array.forEach (<anonymous>)\n    at C:/Users/hyper/Desktop/workspace/alti.code.studio/alti.code.studio.backend/src/app/modules/queue/swarm.test.js:62:24\n    at processTicksAndRejections (node:internal/process/task_queues:104:5)\n    at file:///C:/Users/hyper/Desktop/workspace/alti.code.studio/alti.code.studio.backend/node_modules/@vitest/runner/dist/index.js:915:20"],"meta":{}}],"startTime":1771873010328,"endTime":1771873014760.9746,"status":"failed","message":"","name":"C:/Users/hyper/Desktop/workspace/alti.code.studio/alti.code.studio.backend/src/app/modules/queue/swarm.test.js"},{"assertionResults":[{"ancestorTitles":["Cognitive Refactor Worker"],"fullName":"Cognitive Refactor Worker should execute Recall -> Reason -> Verify -> Memorize flow","status":"failed","title":"should execute Recall -> Reason -> Verify -> Memorize flow","duration":18.35889999999995,"failureMessages":["TypeError: __vite_ssr_import_1__.GeminiAiService.generateContent is not a function\n    at Module.refactorWorkerProcessor (C:/Users/hyper/Desktop/workspace/alti.code.studio/alti.code.studio.backend/src/app/modules/refactorAgent/refactor.worker.js:94:51)\n    at processTicksAndRejections (node:internal/process/task_queues:104:5)\n    at C:/Users/hyper/Desktop/workspace/alti.code.studio/alti.code.studio.backend/src/app/modules/refactorAgent/refactor.cognitive.test.js:56:24\n    at file:///C:/Users/hyper/Desktop/workspace/alti.code.studio/alti.code.studio.backend/node_modules/@vitest/runner/dist/index.js:915:20"],"meta":{}}],"startTime":1771873015506,"endTime":1771873015524.359,"status":"failed","message":"","name":"C:/Users/hyper/Desktop/workspace/alti.code.studio/alti.code.studio.backend/src/app/modules/refactorAgent/refactor.cognitive.test.js"},{"assertionResults":[{"ancestorTitles":["Sanity Check"],"fullName":"Sanity Check should run this test","status":"passed","title":"should run this test","duration":2.987100000000055,"failureMessages":[],"meta":{}}],"startTime":1771873041209,"endTime":1771873041211.987,"status":"passed","message":"","name":"C:/Users/hyper/Desktop/workspace/alti.code.studio/alti.code.studio.backend/src/app/modules/refactorAgent/sanity.test.js"},{"assertionResults":[{"ancestorTitles":["BeyondCorp Zero-Trust & Mandiant Security Pipeline"],"fullName":"BeyondCorp Zero-Trust & Mandiant Security Pipeline should FORBID access if the BeyondCorp Device Posture header is missing","status":"passed","title":"should FORBID access if the BeyondCorp Device Posture header is missing","duration":11.931399999999485,"failureMessages":[],"meta":{}},{"ancestorTitles":["BeyondCorp Zero-Trust & Mandiant Security Pipeline"],"fullName":"BeyondCorp Zero-Trust & Mandiant Security Pipeline should ALLOW access and execute the Mandiant audit if Identity-Aware validation succeeds","status":"passed","title":"should ALLOW access and execute the Mandiant audit if Identity-Aware validation succeeds","duration":2.5592999999998938,"failureMessages":[],"meta":{}}],"startTime":1771873040320,"endTime":1771873040334.5593,"status":"passed","message":"","name":"C:/Users/hyper/Desktop/workspace/alti.code.studio/alti.code.studio.backend/src/app/modules/securityAgent/zeroTrust.test.js"},{"assertionResults":[{"ancestorTitles":["Predictive Autonomic Refactoring (Phase 20 - Proactive Surgeon)"],"fullName":"Predictive Autonomic Refactoring (Phase 20 - Proactive Surgeon) should proactively scan files, identify high complexity via AST, and automatically draft a PR patch","status":"failed","title":"should proactively scan files, identify high complexity via AST, and automatically draft a PR patch","duration":12.375,"failureMessages":["Error: The property \"_mockGitCommitAndPush\" is not defined on the object.\n    at assert (file:///C:/Users/hyper/Desktop/workspace/alti.code.studio/alti.code.studio.backend/node_modules/@vitest/spy/dist/index.js:232:9)\n    at Object.spyOn (file:///C:/Users/hyper/Desktop/workspace/alti.code.studio/alti.code.studio.backend/node_modules/@vitest/spy/dist/index.js:153:2)\n    at C:/Users/hyper/Desktop/workspace/alti.code.studio/alti.code.studio.backend/src/app/modules/surgeon/autonomic.test.js:16:12\n    at file:///C:/Users/hyper/Desktop/workspace/alti.code.studio/alti.code.studio.backend/node_modules/@vitest/runner/dist/index.js:145:11\n    at file:///C:/Users/hyper/Desktop/workspace/alti.code.studio/alti.code.studio.backend/node_modules/@vitest/runner/dist/index.js:1243:20\n    at new Promise (<anonymous>)\n    at runWithTimeout (file:///C:/Users/hyper/Desktop/workspace/alti.code.studio/alti.code.studio.backend/node_modules/@vitest/runner/dist/index.js:1209:10)\n    at runHook (file:///C:/Users/hyper/Desktop/workspace/alti.code.studio/alti.code.studio.backend/node_modules/@vitest/runner/dist/index.js:1514:51)\n    at callSuiteHook (file:///C:/Users/hyper/Desktop/workspace/alti.code.studio/alti.code.studio.backend/node_modules/@vitest/runner/dist/index.js:1520:25)\n    at processTicksAndRejections (node:internal/process/task_queues:104:5)"],"meta":{}}],"startTime":1771873022859,"endTime":1771873022871.375,"status":"failed","message":"","name":"C:/Users/hyper/Desktop/workspace/alti.code.studio/alti.code.studio.backend/src/app/modules/surgeon/autonomic.test.js"},{"assertionResults":[{"ancestorTitles":["Director (Borg Mission Orchestrator)"],"fullName":"Director (Borg Mission Orchestrator) should start a mission and return a mission ID","status":"passed","title":"should start a mission and return a mission ID","duration":15.085199999999986,"failureMessages":[],"meta":{}},{"ancestorTitles":["Director (Borg Mission Orchestrator)"],"fullName":"Director (Borg Mission Orchestrator) should register the mission state immediately after start","status":"passed","title":"should register the mission state immediately after start","duration":6.726100000000315,"failureMessages":[],"meta":{}},{"ancestorTitles":["Director (Borg Mission Orchestrator)"],"fullName":"Director (Borg Mission Orchestrator) should log messages to the mission log","status":"passed","title":"should log messages to the mission log","duration":4.535600000000159,"failureMessages":[],"meta":{}},{"ancestorTitles":["Director (Borg Mission Orchestrator)"],"fullName":"Director (Borg Mission Orchestrator) should update mission status via updateMissionStatus","status":"passed","title":"should update mission status via updateMissionStatus","duration":3.274399999999787,"failureMessages":[],"meta":{}},{"ancestorTitles":["Director (Borg Mission Orchestrator)"],"fullName":"Director (Borg Mission Orchestrator) should handle an unknown missionId for getMissionStatus gracefully","status":"passed","title":"should handle an unknown missionId for getMissionStatus gracefully","duration":0.9818000000000211,"failureMessages":[],"meta":{}},{"ancestorTitles":["Director (Borg Mission Orchestrator)"],"fullName":"Director (Borg Mission Orchestrator) should handle an unknown missionId for log gracefully without throwing","status":"passed","title":"should handle an unknown missionId for log gracefully without throwing","duration":2.4589999999998327,"failureMessages":[],"meta":{}},{"ancestorTitles":["Director (Borg Mission Orchestrator)"],"fullName":"Director (Borg Mission Orchestrator) should handle an unknown missionId for updateMissionStatus without throwing","status":"passed","title":"should handle an unknown missionId for updateMissionStatus without throwing","duration":0.9224000000003798,"failureMessages":[],"meta":{}}],"startTime":1771873025687,"endTime":1771873025720.9224,"status":"passed","message":"","name":"C:/Users/hyper/Desktop/workspace/alti.code.studio/alti.code.studio.backend/src/app/modules/borg/__tests__/Director.test.js"},{"assertionResults":[{"ancestorTitles":["GrandUnification ΓÇö Director + Maestro Integration"],"fullName":"GrandUnification ΓÇö Director + Maestro Integration should integrate: Maestro provisions a worktree for Director mission","status":"passed","title":"should integrate: Maestro provisions a worktree for Director mission","duration":11.429599999999937,"failureMessages":[],"meta":{}},{"ancestorTitles":["GrandUnification ΓÇö Director + Maestro Integration"],"fullName":"GrandUnification ΓÇö Director + Maestro Integration should integrate: Director starts a mission and reaches completed or executing state","status":"passed","title":"should integrate: Director starts a mission and reaches completed or executing state","duration":7.07340000000022,"failureMessages":[],"meta":{}},{"ancestorTitles":["GrandUnification ΓÇö Director + Maestro Integration"],"fullName":"GrandUnification ΓÇö Director + Maestro Integration should integrate: Maestro cleanup removes the swarm entry","status":"passed","title":"should integrate: Maestro cleanup removes the swarm entry","duration":2.826299999999719,"failureMessages":[],"meta":{}},{"ancestorTitles":["GrandUnification ΓÇö Director + Maestro Integration"],"fullName":"GrandUnification ΓÇö Director + Maestro Integration should integrate: multiple concurrent missions are tracked independently","status":"failed","title":"should integrate: multiple concurrent missions are tracked independently","duration":23.93100000000004,"failureMessages":["AssertionError: expected 1 to be 3 // Object.is equality\n    at C:/Users/hyper/Desktop/workspace/alti.code.studio/alti.code.studio.backend/src/app/modules/borg/__tests__/GrandUnification.test.js:85:35\n    at processTicksAndRejections (node:internal/process/task_queues:104:5)\n    at file:///C:/Users/hyper/Desktop/workspace/alti.code.studio/alti.code.studio.backend/node_modules/@vitest/runner/dist/index.js:915:20"],"meta":{}}],"startTime":1771873014530,"endTime":1771873014574.931,"status":"failed","message":"","name":"C:/Users/hyper/Desktop/workspace/alti.code.studio/alti.code.studio.backend/src/app/modules/borg/__tests__/GrandUnification.test.js"},{"assertionResults":[{"ancestorTitles":["Maestro (Borg Worktree Manager)"],"fullName":"Maestro (Borg Worktree Manager) should provision a new git worktree successfully","status":"failed","title":"should provision a new git worktree successfully","duration":19.15009999999984,"failureMessages":["AssertionError: expected \"vi.fn()\" to be called at least once\n    at Proxy.<anonymous> (file:///C:/Users/hyper/Desktop/workspace/alti.code.studio/alti.code.studio.backend/node_modules/@vitest/expect/dist/index.js:1400:10)\n    at Proxy.<anonymous> (file:///C:/Users/hyper/Desktop/workspace/alti.code.studio/alti.code.studio.backend/node_modules/@vitest/expect/dist/index.js:1090:14)\n    at Proxy.methodWrapper (file:///C:/Users/hyper/Desktop/workspace/alti.code.studio/alti.code.studio.backend/node_modules/chai/index.js:1700:25)\n    at C:/Users/hyper/Desktop/workspace/alti.code.studio/alti.code.studio.backend/src/app/modules/borg/__tests__/Maestro.test.js:47:36\n    at processTicksAndRejections (node:internal/process/task_queues:104:5)\n    at file:///C:/Users/hyper/Desktop/workspace/alti.code.studio/alti.code.studio.backend/node_modules/@vitest/runner/dist/index.js:915:20"],"meta":{}},{"ancestorTitles":["Maestro (Borg Worktree Manager)"],"fullName":"Maestro (Borg Worktree Manager) should handle worktree provisioning failure and fallback to cwd","status":"failed","title":"should handle worktree provisioning failure and fallback to cwd","duration":26.2183,"failureMessages":["AssertionError: expected 'C:\\Users\\hyper\\Desktop\\workspace\\altiΓÇª' to be 'C:\\Users\\hyper\\Desktop\\workspace\\altiΓÇª' // Object.is equality\n    at C:/Users/hyper/Desktop/workspace/alti.code.studio/alti.code.studio.backend/src/app/modules/borg/__tests__/Maestro.test.js:60:30\n    at processTicksAndRejections (node:internal/process/task_queues:104:5)\n    at file:///C:/Users/hyper/Desktop/workspace/alti.code.studio/alti.code.studio.backend/node_modules/@vitest/runner/dist/index.js:915:20"],"meta":{}},{"ancestorTitles":["Maestro (Borg Worktree Manager)"],"fullName":"Maestro (Borg Worktree Manager) should cleanup an active worktree","status":"failed","title":"should cleanup an active worktree","duration":8.310199999999895,"failureMessages":["AssertionError: expected \"vi.fn()\" to be called with arguments: [ StringContaining{ΓÇª}, Any<Function> ]\u001b[90m\n\nNumber of calls: \u001b[1m0\u001b[22m\n\u001b[39m\n    at Proxy.<anonymous> (file:///C:/Users/hyper/Desktop/workspace/alti.code.studio/alti.code.studio.backend/node_modules/@vitest/expect/dist/index.js:1420:10)\n    at Proxy.<anonymous> (file:///C:/Users/hyper/Desktop/workspace/alti.code.studio/alti.code.studio.backend/node_modules/@vitest/expect/dist/index.js:1090:14)\n    at Proxy.methodWrapper (file:///C:/Users/hyper/Desktop/workspace/alti.code.studio/alti.code.studio.backend/node_modules/chai/index.js:1700:25)\n    at C:/Users/hyper/Desktop/workspace/alti.code.studio/alti.code.studio.backend/src/app/modules/borg/__tests__/Maestro.test.js:72:36\n    at processTicksAndRejections (node:internal/process/task_queues:104:5)\n    at file:///C:/Users/hyper/Desktop/workspace/alti.code.studio/alti.code.studio.backend/node_modules/@vitest/runner/dist/index.js:915:20"],"meta":{}}],"startTime":1771873011710,"endTime":1771873011764.3103,"status":"failed","message":"","name":"C:/Users/hyper/Desktop/workspace/alti.code.studio/alti.code.studio.backend/src/app/modules/borg/__tests__/Maestro.test.js"},{"assertionResults":[],"startTime":1771873009019,"endTime":1771873009019,"status":"failed","message":"Cannot find module '../../../config/index.js' imported from 'C:/Users/hyper/Desktop/workspace/alti.code.studio/alti.code.studio.backend/.shadow/test-session-1771108120402/src/app/shared/eventBus.js'","name":"C:/Users/hyper/Desktop/workspace/alti.code.studio/alti.code.studio.backend/.shadow/test-session-1771108120402/src/app/modules/refactorAgent/treeSitter.service.test.js"},{"assertionResults":[],"startTime":1771873009019,"endTime":1771873009019,"status":"failed","message":"Cannot find module '../../../config/index.js' imported from 'C:/Users/hyper/Desktop/workspace/alti.code.studio/alti.code.studio.backend/.shadow/test-session-1771108169206/src/app/shared/eventBus.js'","name":"C:/Users/hyper/Desktop/workspace/alti.code.studio/alti.code.studio.backend/.shadow/test-session-1771108169206/src/app/modules/refactorAgent/treeSitter.service.test.js"}]}
